warning: source './docs/images' is not a readable file or directory... skipping.
C:/Users/au223892/DocumentationRepos/ALMaSS_Osmia_model_documentations/src/Osmia_dox.h:1214: warning: More #endif's than #if's found.
C:/Users/au223892/DocumentationRepos/ALMaSS_Osmia_model_documentations/src/Osmia_dox.h:2429: warning: More #endif's than #if's found.
C:/Users/au223892/DocumentationRepos/ALMaSS_Osmia_model_documentations/src/Osmia_dox.cpp:26: warning: the name 'Osmia.cpp' supplied as the argument in the \file statement is not an input file
C:/Users/au223892/DocumentationRepos/ALMaSS_Osmia_model_documentations/src/Osmia_Population_Manager_dox.cpp:26: warning: the name 'Osmia_Population_Manager.cpp' supplied as the argument in the \file statement is not an input file
C:/Users/au223892/DocumentationRepos/ALMaSS_Osmia_model_documentations/src/Osmia_Population_Manager_dox.h:26: warning: the name 'Osmia_Population_Manager.h' supplied as the argument in the \file statement is not an input file
C:/Users/au223892/DocumentationRepos/ALMaSS_Osmia_model_documentations/src/Osmia_dox.cpp:1326: warning: documented symbol 'probability_distribution Osmia_Base::m_emergenceday' was not declared or defined.
C:/Users/au223892/DocumentationRepos/ALMaSS_Osmia_model_documentations/src/Osmia_dox.cpp:1327: warning: documented symbol 'probability_distribution Osmia_Base::m_dispersalmovementdistances' was not declared or defined.
C:/Users/au223892/DocumentationRepos/ALMaSS_Osmia_model_documentations/src/Osmia_dox.cpp:1328: warning: documented symbol 'probability_distribution Osmia_Base::m_generalmovementdistances' was not declared or defined.
C:/Users/au223892/DocumentationRepos/ALMaSS_Osmia_model_documentations/src/Osmia_dox.cpp:1329: warning: documented symbol 'probability_distribution Osmia_Base::m_eggspernestdistribution' was not declared or defined.
C:/Users/au223892/DocumentationRepos/ALMaSS_Osmia_model_documentations/src/Osmia_dox.cpp:1330: warning: documented symbol 'probability_distribution Osmia_Base::m_exp_ZeroToOne' was not declared or defined.
C:/Users/au223892/DocumentationRepos/ALMaSS_Osmia_model_documentations/src/Osmia_dox.cpp:1421: warning: documented symbol 'Osmia_Base::Osmia_Base' was not declared or defined.
C:/Users/au223892/DocumentationRepos/ALMaSS_Osmia_model_documentations/src/Osmia_dox.cpp:1445: warning: no uniquely matching class member found for 
  void Osmia_Base::ReInit(struct_Osmia *data)
Possible candidates:
  'virtual void Osmia_InCocoon::ReInit(struct_Osmia *data)' at line 134 of file C:/Users/au223892/DocumentationRepos/ALMaSS_Osmia_model_documentations/src/Osmia_dox.h
  'virtual void Osmia_Female::ReInit(struct_Osmia *data)' at line 1039 of file C:/Users/au223892/DocumentationRepos/ALMaSS_Osmia_model_documentations/src/Osmia_dox.h
  'virtual void Osmia_InCocoon::ReInit(struct_Osmia *data)' at line 1349 of file C:/Users/au223892/DocumentationRepos/ALMaSS_Osmia_model_documentations/src/Osmia_dox.h
  'virtual void Osmia_Female::ReInit(struct_Osmia *data)' at line 2254 of file C:/Users/au223892/DocumentationRepos/ALMaSS_Osmia_model_documentations/src/Osmia_dox.h
C:/Users/au223892/DocumentationRepos/ALMaSS_Osmia_model_documentations/src/Osmia_dox.cpp:1460: warning: documented symbol 'Osmia_Base::~Osmia_Base' was not declared or defined.
C:/Users/au223892/DocumentationRepos/ALMaSS_Osmia_model_documentations/src/Osmia_dox.cpp:1483: warning: documented symbol 'void Osmia_Base::SetParameterValues' was not declared or defined.
C:/Users/au223892/DocumentationRepos/ALMaSS_Osmia_model_documentations/src/Osmia_dox.cpp:1542: warning: no uniquely matching class member found for 
  void Osmia_Base::st_Dying(void)
Possible candidates:
  'virtual void Osmia_Female::st_Dying(void)' at line 730 of file C:/Users/au223892/DocumentationRepos/ALMaSS_Osmia_model_documentations/src/Osmia_dox.h
  'virtual void Osmia_Female::st_Dying(void)' at line 1945 of file C:/Users/au223892/DocumentationRepos/ALMaSS_Osmia_model_documentations/src/Osmia_dox.h
C:/Users/au223892/DocumentationRepos/ALMaSS_Osmia_model_documentations/src/Osmia_dox.cpp:1556: warning: documented symbol 'Osmia_Egg::~Osmia_Egg' was not declared or defined.
C:/Users/au223892/DocumentationRepos/ALMaSS_Osmia_model_documentations/src/Osmia_dox.cpp:1583: warning: documented symbol 'Osmia_Egg::Osmia_Egg' was not declared or defined.
C:/Users/au223892/DocumentationRepos/ALMaSS_Osmia_model_documentations/src/Osmia_dox.cpp:1607: warning: no uniquely matching class member found for 
  void Osmia_Egg::ReInit(struct_Osmia *data)
Possible candidates:
  'virtual void Osmia_InCocoon::ReInit(struct_Osmia *data)' at line 134 of file C:/Users/au223892/DocumentationRepos/ALMaSS_Osmia_model_documentations/src/Osmia_dox.h
  'virtual void Osmia_Female::ReInit(struct_Osmia *data)' at line 1039 of file C:/Users/au223892/DocumentationRepos/ALMaSS_Osmia_model_documentations/src/Osmia_dox.h
  'virtual void Osmia_InCocoon::ReInit(struct_Osmia *data)' at line 1349 of file C:/Users/au223892/DocumentationRepos/ALMaSS_Osmia_model_documentations/src/Osmia_dox.h
  'virtual void Osmia_Female::ReInit(struct_Osmia *data)' at line 2254 of file C:/Users/au223892/DocumentationRepos/ALMaSS_Osmia_model_documentations/src/Osmia_dox.h
C:/Users/au223892/DocumentationRepos/ALMaSS_Osmia_model_documentations/src/Osmia_dox.cpp:1639: warning: no uniquely matching class member found for 
  void Osmia_Egg::Step(void)
Possible candidates:
  'virtual void Osmia_InCocoon::Step(void)' at line 147 of file C:/Users/au223892/DocumentationRepos/ALMaSS_Osmia_model_documentations/src/Osmia_dox.h
  'virtual void Osmia_Female::Step(void)' at line 1074 of file C:/Users/au223892/DocumentationRepos/ALMaSS_Osmia_model_documentations/src/Osmia_dox.h
  'virtual void Osmia_InCocoon::Step(void)' at line 1362 of file C:/Users/au223892/DocumentationRepos/ALMaSS_Osmia_model_documentations/src/Osmia_dox.h
  'virtual void Osmia_Female::Step(void)' at line 2289 of file C:/Users/au223892/DocumentationRepos/ALMaSS_Osmia_model_documentations/src/Osmia_dox.h
C:/Users/au223892/DocumentationRepos/ALMaSS_Osmia_model_documentations/src/Osmia_dox.cpp:1709: warning: no uniquely matching class member found for 
  TTypeOfOsmiaState Osmia_Egg::st_Develop(void)
Possible candidates:
  'virtual TTypeOfOsmiaState Osmia_InCocoon::st_Develop(void)' at line 215 of file C:/Users/au223892/DocumentationRepos/ALMaSS_Osmia_model_documentations/src/Osmia_dox.h
  'virtual TTypeOfOsmiaState Osmia_Female::st_Develop(void)' at line 739 of file C:/Users/au223892/DocumentationRepos/ALMaSS_Osmia_model_documentations/src/Osmia_dox.h
  'virtual TTypeOfOsmiaState Osmia_InCocoon::st_Develop(void)' at line 1430 of file C:/Users/au223892/DocumentationRepos/ALMaSS_Osmia_model_documentations/src/Osmia_dox.h
  'virtual TTypeOfOsmiaState Osmia_Female::st_Develop(void)' at line 1954 of file C:/Users/au223892/DocumentationRepos/ALMaSS_Osmia_model_documentations/src/Osmia_dox.h
C:/Users/au223892/DocumentationRepos/ALMaSS_Osmia_model_documentations/src/Osmia_dox.cpp:1766: warning: documented symbol 'TTypeOfOsmiaState Osmia_Egg::st_Hatch' was not declared or defined.
C:/Users/au223892/DocumentationRepos/ALMaSS_Osmia_model_documentations/src/Osmia_dox.cpp:1805: warning: no uniquely matching class member found for 
  void Osmia_Larva::ReInit(struct_Osmia *data)
Possible candidates:
  'virtual void Osmia_InCocoon::ReInit(struct_Osmia *data)' at line 134 of file C:/Users/au223892/DocumentationRepos/ALMaSS_Osmia_model_documentations/src/Osmia_dox.h
  'virtual void Osmia_Female::ReInit(struct_Osmia *data)' at line 1039 of file C:/Users/au223892/DocumentationRepos/ALMaSS_Osmia_model_documentations/src/Osmia_dox.h
  'virtual void Osmia_InCocoon::ReInit(struct_Osmia *data)' at line 1349 of file C:/Users/au223892/DocumentationRepos/ALMaSS_Osmia_model_documentations/src/Osmia_dox.h
  'virtual void Osmia_Female::ReInit(struct_Osmia *data)' at line 2254 of file C:/Users/au223892/DocumentationRepos/ALMaSS_Osmia_model_documentations/src/Osmia_dox.h
C:/Users/au223892/DocumentationRepos/ALMaSS_Osmia_model_documentations/src/Osmia_dox.cpp:1815: warning: documented symbol 'Osmia_Larva::~Osmia_Larva' was not declared or defined.
C:/Users/au223892/DocumentationRepos/ALMaSS_Osmia_model_documentations/src/Osmia_dox.cpp:1840: warning: documented symbol 'Osmia_Larva::Osmia_Larva' was not declared or defined.
C:/Users/au223892/DocumentationRepos/ALMaSS_Osmia_model_documentations/src/Osmia_dox.cpp:1866: warning: no uniquely matching class member found for 
  void Osmia_Larva::Step(void)
Possible candidates:
  'virtual void Osmia_InCocoon::Step(void)' at line 147 of file C:/Users/au223892/DocumentationRepos/ALMaSS_Osmia_model_documentations/src/Osmia_dox.h
  'virtual void Osmia_Female::Step(void)' at line 1074 of file C:/Users/au223892/DocumentationRepos/ALMaSS_Osmia_model_documentations/src/Osmia_dox.h
  'virtual void Osmia_InCocoon::Step(void)' at line 1362 of file C:/Users/au223892/DocumentationRepos/ALMaSS_Osmia_model_documentations/src/Osmia_dox.h
  'virtual void Osmia_Female::Step(void)' at line 2289 of file C:/Users/au223892/DocumentationRepos/ALMaSS_Osmia_model_documentations/src/Osmia_dox.h
C:/Users/au223892/DocumentationRepos/ALMaSS_Osmia_model_documentations/src/Osmia_dox.cpp:1936: warning: no uniquely matching class member found for 
  TTypeOfOsmiaState Osmia_Larva::st_Develop(void)
Possible candidates:
  'virtual TTypeOfOsmiaState Osmia_InCocoon::st_Develop(void)' at line 215 of file C:/Users/au223892/DocumentationRepos/ALMaSS_Osmia_model_documentations/src/Osmia_dox.h
  'virtual TTypeOfOsmiaState Osmia_Female::st_Develop(void)' at line 739 of file C:/Users/au223892/DocumentationRepos/ALMaSS_Osmia_model_documentations/src/Osmia_dox.h
  'virtual TTypeOfOsmiaState Osmia_InCocoon::st_Develop(void)' at line 1430 of file C:/Users/au223892/DocumentationRepos/ALMaSS_Osmia_model_documentations/src/Osmia_dox.h
  'virtual TTypeOfOsmiaState Osmia_Female::st_Develop(void)' at line 1954 of file C:/Users/au223892/DocumentationRepos/ALMaSS_Osmia_model_documentations/src/Osmia_dox.h
C:/Users/au223892/DocumentationRepos/ALMaSS_Osmia_model_documentations/src/Osmia_dox.cpp:1973: warning: documented symbol 'TTypeOfOsmiaState Osmia_Larva::st_Prepupate' was not declared or defined.
C:/Users/au223892/DocumentationRepos/ALMaSS_Osmia_model_documentations/src/Osmia_dox.cpp:2010: warning: no uniquely matching class member found for 
  void Osmia_Prepupa::ReInit(struct_Osmia *data)
Possible candidates:
  'virtual void Osmia_InCocoon::ReInit(struct_Osmia *data)' at line 134 of file C:/Users/au223892/DocumentationRepos/ALMaSS_Osmia_model_documentations/src/Osmia_dox.h
  'virtual void Osmia_Female::ReInit(struct_Osmia *data)' at line 1039 of file C:/Users/au223892/DocumentationRepos/ALMaSS_Osmia_model_documentations/src/Osmia_dox.h
  'virtual void Osmia_InCocoon::ReInit(struct_Osmia *data)' at line 1349 of file C:/Users/au223892/DocumentationRepos/ALMaSS_Osmia_model_documentations/src/Osmia_dox.h
  'virtual void Osmia_Female::ReInit(struct_Osmia *data)' at line 2254 of file C:/Users/au223892/DocumentationRepos/ALMaSS_Osmia_model_documentations/src/Osmia_dox.h
C:/Users/au223892/DocumentationRepos/ALMaSS_Osmia_model_documentations/src/Osmia_dox.cpp:2020: warning: documented symbol 'Osmia_Prepupa::~Osmia_Prepupa' was not declared or defined.
C:/Users/au223892/DocumentationRepos/ALMaSS_Osmia_model_documentations/src/Osmia_dox.cpp:2060: warning: documented symbol 'Osmia_Prepupa::Osmia_Prepupa' was not declared or defined.
C:/Users/au223892/DocumentationRepos/ALMaSS_Osmia_model_documentations/src/Osmia_dox.cpp:2090: warning: no uniquely matching class member found for 
  void Osmia_Prepupa::Step(void)
Possible candidates:
  'virtual void Osmia_InCocoon::Step(void)' at line 147 of file C:/Users/au223892/DocumentationRepos/ALMaSS_Osmia_model_documentations/src/Osmia_dox.h
  'virtual void Osmia_Female::Step(void)' at line 1074 of file C:/Users/au223892/DocumentationRepos/ALMaSS_Osmia_model_documentations/src/Osmia_dox.h
  'virtual void Osmia_InCocoon::Step(void)' at line 1362 of file C:/Users/au223892/DocumentationRepos/ALMaSS_Osmia_model_documentations/src/Osmia_dox.h
  'virtual void Osmia_Female::Step(void)' at line 2289 of file C:/Users/au223892/DocumentationRepos/ALMaSS_Osmia_model_documentations/src/Osmia_dox.h
C:/Users/au223892/DocumentationRepos/ALMaSS_Osmia_model_documentations/src/Osmia_dox.cpp:2164: warning: no uniquely matching class member found for 
  TTypeOfOsmiaState Osmia_Prepupa::st_Develop(void)
Possible candidates:
  'virtual TTypeOfOsmiaState Osmia_InCocoon::st_Develop(void)' at line 215 of file C:/Users/au223892/DocumentationRepos/ALMaSS_Osmia_model_documentations/src/Osmia_dox.h
  'virtual TTypeOfOsmiaState Osmia_Female::st_Develop(void)' at line 739 of file C:/Users/au223892/DocumentationRepos/ALMaSS_Osmia_model_documentations/src/Osmia_dox.h
  'virtual TTypeOfOsmiaState Osmia_InCocoon::st_Develop(void)' at line 1430 of file C:/Users/au223892/DocumentationRepos/ALMaSS_Osmia_model_documentations/src/Osmia_dox.h
  'virtual TTypeOfOsmiaState Osmia_Female::st_Develop(void)' at line 1954 of file C:/Users/au223892/DocumentationRepos/ALMaSS_Osmia_model_documentations/src/Osmia_dox.h
C:/Users/au223892/DocumentationRepos/ALMaSS_Osmia_model_documentations/src/Osmia_dox.cpp:2206: warning: documented symbol 'TTypeOfOsmiaState Osmia_Prepupa::st_Pupate' was not declared or defined.
C:/Users/au223892/DocumentationRepos/ALMaSS_Osmia_model_documentations/src/Osmia_dox.cpp:2242: warning: no uniquely matching class member found for 
  void Osmia_Pupa::ReInit(struct_Osmia *data)
Possible candidates:
  'virtual void Osmia_InCocoon::ReInit(struct_Osmia *data)' at line 134 of file C:/Users/au223892/DocumentationRepos/ALMaSS_Osmia_model_documentations/src/Osmia_dox.h
  'virtual void Osmia_Female::ReInit(struct_Osmia *data)' at line 1039 of file C:/Users/au223892/DocumentationRepos/ALMaSS_Osmia_model_documentations/src/Osmia_dox.h
  'virtual void Osmia_InCocoon::ReInit(struct_Osmia *data)' at line 1349 of file C:/Users/au223892/DocumentationRepos/ALMaSS_Osmia_model_documentations/src/Osmia_dox.h
  'virtual void Osmia_Female::ReInit(struct_Osmia *data)' at line 2254 of file C:/Users/au223892/DocumentationRepos/ALMaSS_Osmia_model_documentations/src/Osmia_dox.h
C:/Users/au223892/DocumentationRepos/ALMaSS_Osmia_model_documentations/src/Osmia_dox.cpp:2252: warning: documented symbol 'Osmia_Pupa::~Osmia_Pupa' was not declared or defined.
C:/Users/au223892/DocumentationRepos/ALMaSS_Osmia_model_documentations/src/Osmia_dox.cpp:2285: warning: documented symbol 'Osmia_Pupa::Osmia_Pupa' was not declared or defined.
C:/Users/au223892/DocumentationRepos/ALMaSS_Osmia_model_documentations/src/Osmia_dox.cpp:2319: warning: no uniquely matching class member found for 
  void Osmia_Pupa::Step(void)
Possible candidates:
  'virtual void Osmia_InCocoon::Step(void)' at line 147 of file C:/Users/au223892/DocumentationRepos/ALMaSS_Osmia_model_documentations/src/Osmia_dox.h
  'virtual void Osmia_Female::Step(void)' at line 1074 of file C:/Users/au223892/DocumentationRepos/ALMaSS_Osmia_model_documentations/src/Osmia_dox.h
  'virtual void Osmia_InCocoon::Step(void)' at line 1362 of file C:/Users/au223892/DocumentationRepos/ALMaSS_Osmia_model_documentations/src/Osmia_dox.h
  'virtual void Osmia_Female::Step(void)' at line 2289 of file C:/Users/au223892/DocumentationRepos/ALMaSS_Osmia_model_documentations/src/Osmia_dox.h
C:/Users/au223892/DocumentationRepos/ALMaSS_Osmia_model_documentations/src/Osmia_dox.cpp:2405: warning: no uniquely matching class member found for 
  TTypeOfOsmiaState Osmia_Pupa::st_Develop(void)
Possible candidates:
  'virtual TTypeOfOsmiaState Osmia_InCocoon::st_Develop(void)' at line 215 of file C:/Users/au223892/DocumentationRepos/ALMaSS_Osmia_model_documentations/src/Osmia_dox.h
  'virtual TTypeOfOsmiaState Osmia_Female::st_Develop(void)' at line 739 of file C:/Users/au223892/DocumentationRepos/ALMaSS_Osmia_model_documentations/src/Osmia_dox.h
  'virtual TTypeOfOsmiaState Osmia_InCocoon::st_Develop(void)' at line 1430 of file C:/Users/au223892/DocumentationRepos/ALMaSS_Osmia_model_documentations/src/Osmia_dox.h
  'virtual TTypeOfOsmiaState Osmia_Female::st_Develop(void)' at line 1954 of file C:/Users/au223892/DocumentationRepos/ALMaSS_Osmia_model_documentations/src/Osmia_dox.h
C:/Users/au223892/DocumentationRepos/ALMaSS_Osmia_model_documentations/src/Osmia_dox.cpp:2455: warning: no uniquely matching class member found for 
  TTypeOfOsmiaState Osmia_Pupa::st_Emerge(void)
Possible candidates:
  'virtual TTypeOfOsmiaState Osmia_InCocoon::st_Emerge(void)' at line 251 of file C:/Users/au223892/DocumentationRepos/ALMaSS_Osmia_model_documentations/src/Osmia_dox.h
  'virtual TTypeOfOsmiaState Osmia_InCocoon::st_Emerge(void)' at line 1466 of file C:/Users/au223892/DocumentationRepos/ALMaSS_Osmia_model_documentations/src/Osmia_dox.h
C:/Users/au223892/DocumentationRepos/ALMaSS_Osmia_model_documentations/src/Osmia_Population_Manager_dox.cpp:1283: warning: documented symbol 'double Osmia_Base::m_DailyDevelopmentMortEggs' was not declared or defined.
C:/Users/au223892/DocumentationRepos/ALMaSS_Osmia_model_documentations/src/Osmia_Population_Manager_dox.cpp:1284: warning: documented symbol 'double Osmia_Base::m_DailyDevelopmentMortLarvae' was not declared or defined.
C:/Users/au223892/DocumentationRepos/ALMaSS_Osmia_model_documentations/src/Osmia_Population_Manager_dox.cpp:1285: warning: documented symbol 'double Osmia_Base::m_DailyDevelopmentMortPrepupae' was not declared or defined.
C:/Users/au223892/DocumentationRepos/ALMaSS_Osmia_model_documentations/src/Osmia_Population_Manager_dox.cpp:1286: warning: documented symbol 'double Osmia_Base::m_DailyDevelopmentMortPupae' was not declared or defined.
C:/Users/au223892/DocumentationRepos/ALMaSS_Osmia_model_documentations/src/Osmia_Population_Manager_dox.cpp:1287: warning: documented symbol 'double Osmia_Base::m_OsmiaEggDevelTotalDD' was not declared or defined.
C:/Users/au223892/DocumentationRepos/ALMaSS_Osmia_model_documentations/src/Osmia_Population_Manager_dox.cpp:1288: warning: documented symbol 'double Osmia_Base::m_OsmiaEggDevelThreshold' was not declared or defined.
C:/Users/au223892/DocumentationRepos/ALMaSS_Osmia_model_documentations/src/Osmia_Population_Manager_dox.cpp:1289: warning: documented symbol 'double Osmia_Base::m_OsmiaLarvaDevelTotalDD' was not declared or defined.
C:/Users/au223892/DocumentationRepos/ALMaSS_Osmia_model_documentations/src/Osmia_Population_Manager_dox.cpp:1290: warning: documented symbol 'double Osmia_Base::m_OsmiaLarvaDevelThreshold' was not declared or defined.
C:/Users/au223892/DocumentationRepos/ALMaSS_Osmia_model_documentations/src/Osmia_Population_Manager_dox.cpp:1291: warning: documented symbol 'double Osmia_Base::m_OsmiaPupaDevelTotalDD' was not declared or defined.
C:/Users/au223892/DocumentationRepos/ALMaSS_Osmia_model_documentations/src/Osmia_Population_Manager_dox.cpp:1292: warning: documented symbol 'double Osmia_Base::m_OsmiaPupaDevelThreshold' was not declared or defined.
C:/Users/au223892/DocumentationRepos/ALMaSS_Osmia_model_documentations/src/Osmia_Population_Manager_dox.cpp:1293: warning: documented symbol 'double Osmia_Base::m_OsmiaPrepupalDevelTotalDays' was not declared or defined.
C:/Users/au223892/DocumentationRepos/ALMaSS_Osmia_model_documentations/src/Osmia_Population_Manager_dox.cpp:1294: warning: documented symbol 'double Osmia_Base::m_OsmiaPrepupalDevelTotalDays10pct' was not declared or defined.
C:/Users/au223892/DocumentationRepos/ALMaSS_Osmia_model_documentations/src/Osmia_Population_Manager_dox.cpp:1295: warning: documented symbol 'double Osmia_Base::m_OsmiaInCocoonOverwinteringTempThreshold' was not declared or defined.
C:/Users/au223892/DocumentationRepos/ALMaSS_Osmia_model_documentations/src/Osmia_Population_Manager_dox.cpp:1296: warning: documented symbol 'double Osmia_Base::m_OsmiaInCocoonEmergenceTempThreshold' was not declared or defined.
C:/Users/au223892/DocumentationRepos/ALMaSS_Osmia_model_documentations/src/Osmia_Population_Manager_dox.cpp:1297: warning: documented symbol 'double Osmia_Base::m_OsmiaInCocoonPrewinteringTempThreshold' was not declared or defined.
C:/Users/au223892/DocumentationRepos/ALMaSS_Osmia_model_documentations/src/Osmia_Population_Manager_dox.cpp:1298: warning: documented symbol 'double Osmia_Base::m_OsmiaInCocoonWinterMortConst' was not declared or defined.
C:/Users/au223892/DocumentationRepos/ALMaSS_Osmia_model_documentations/src/Osmia_Population_Manager_dox.cpp:1299: warning: documented symbol 'double Osmia_Base::m_OsmiaInCocoonWinterMortSlope' was not declared or defined.
C:/Users/au223892/DocumentationRepos/ALMaSS_Osmia_model_documentations/src/Osmia_Population_Manager_dox.cpp:1300: warning: documented symbol 'double Osmia_Base::m_OsmiaInCocoonEmergCountConst' was not declared or defined.
C:/Users/au223892/DocumentationRepos/ALMaSS_Osmia_model_documentations/src/Osmia_Population_Manager_dox.cpp:1301: warning: documented symbol 'double Osmia_Base::m_OsmiaInCocoonEmergCountSlope' was not declared or defined.
C:/Users/au223892/DocumentationRepos/ALMaSS_Osmia_model_documentations/src/Osmia_Population_Manager_dox.cpp:1302: warning: documented symbol 'double Osmia_Base::m_OsmiaFemaleMassFromProvMassConst' was not declared or defined.
C:/Users/au223892/DocumentationRepos/ALMaSS_Osmia_model_documentations/src/Osmia_Population_Manager_dox.cpp:1303: warning: documented symbol 'double Osmia_Base::m_OsmiaFemaleMassFromProvMassSlope' was not declared or defined.
C:/Users/au223892/DocumentationRepos/ALMaSS_Osmia_model_documentations/src/Osmia_Population_Manager_dox.cpp:1304: warning: documented symbol 'double Osmia_Base::m_TempToday' was not declared or defined.
C:/Users/au223892/DocumentationRepos/ALMaSS_Osmia_model_documentations/src/Osmia_Population_Manager_dox.cpp:1305: warning: documented symbol 'int Osmia_Base::m_TempTodayInt' was not declared or defined.
C:/Users/au223892/DocumentationRepos/ALMaSS_Osmia_model_documentations/src/Osmia_Population_Manager_dox.cpp:1306: warning: documented symbol 'OsmiaParasitoid_Population_Manager * Osmia_Base::m_OurParasitoidPopulationManager' was not declared or defined.
C:/Users/au223892/DocumentationRepos/ALMaSS_Osmia_model_documentations/src/Osmia_Population_Manager_dox.cpp:1308: warning: documented symbol 'double Osmia_Base::m_OsmiaFemaleBckMort' was not declared or defined.
C:/Users/au223892/DocumentationRepos/ALMaSS_Osmia_model_documentations/src/Osmia_Population_Manager_dox.cpp:1309: warning: documented symbol 'int Osmia_Base::m_OsmiaFindNestAttemptNo' was not declared or defined.
C:/Users/au223892/DocumentationRepos/ALMaSS_Osmia_model_documentations/src/Osmia_Population_Manager_dox.cpp:1310: warning: documented symbol 'int Osmia_Base::m_OsmiaFemaleMinEggsPerNest' was not declared or defined.
C:/Users/au223892/DocumentationRepos/ALMaSS_Osmia_model_documentations/src/Osmia_Population_Manager_dox.cpp:1311: warning: documented symbol 'int Osmia_Base::m_OsmiaFemaleMaxEggsPerNest' was not declared or defined.
C:/Users/au223892/DocumentationRepos/ALMaSS_Osmia_model_documentations/src/Osmia_Population_Manager_dox.cpp:1312: warning: documented symbol 'double Osmia_Base::m_CocoonToProvisionMass' was not declared or defined.
C:/Users/au223892/DocumentationRepos/ALMaSS_Osmia_model_documentations/src/Osmia_Population_Manager_dox.cpp:1313: warning: documented symbol 'double Osmia_Base::m_ProvisionToCocoonMass' was not declared or defined.
C:/Users/au223892/DocumentationRepos/ALMaSS_Osmia_model_documentations/src/Osmia_Population_Manager_dox.cpp:1314: warning: documented symbol 'double Osmia_Base::m_TotalProvisioningMassLoss' was not declared or defined.
C:/Users/au223892/DocumentationRepos/ALMaSS_Osmia_model_documentations/src/Osmia_Population_Manager_dox.cpp:1315: warning: documented symbol 'double Osmia_Base::m_TotalProvisioningMassLossRange' was not declared or defined.
C:/Users/au223892/DocumentationRepos/ALMaSS_Osmia_model_documentations/src/Osmia_Population_Manager_dox.cpp:1316: warning: documented symbol 'double Osmia_Base::m_TotalProvisioningMassLossRangeX2' was not declared or defined.
C:/Users/au223892/DocumentationRepos/ALMaSS_Osmia_model_documentations/src/Osmia_Population_Manager_dox.cpp:1317: warning: documented symbol 'bool Osmia_Base::m_UsingMechanisticParasitoids' was not declared or defined.
C:/Users/au223892/DocumentationRepos/ALMaSS_Osmia_model_documentations/src/Osmia_Population_Manager_dox.cpp:1318: warning: documented symbol 'double Osmia_Base::m_PollenScoreToMg' was not declared or defined.
C:/Users/au223892/DocumentationRepos/ALMaSS_Osmia_model_documentations/src/Osmia_Population_Manager_dox.cpp:1319: warning: documented symbol 'double Osmia_Base::m_DensityDependentPollenRemovalConst' was not declared or defined.
C:/Users/au223892/DocumentationRepos/ALMaSS_Osmia_model_documentations/src/Osmia_Population_Manager_dox.cpp:1320: warning: documented symbol 'double Osmia_Base::m_MaleMinTargetProvisionMass' was not declared or defined.
C:/Users/au223892/DocumentationRepos/ALMaSS_Osmia_model_documentations/src/Osmia_Population_Manager_dox.cpp:1321: warning: documented symbol 'double Osmia_Base::m_MaleMaxTargetProvisionMass' was not declared or defined.
C:/Users/au223892/DocumentationRepos/ALMaSS_Osmia_model_documentations/src/Osmia_Population_Manager_dox.cpp:1322: warning: documented symbol 'double Osmia_Base::m_FemaleMinTargetProvisionMass' was not declared or defined.
C:/Users/au223892/DocumentationRepos/ALMaSS_Osmia_model_documentations/src/Osmia_Population_Manager_dox.cpp:1323: warning: documented symbol 'double Osmia_Base::m_FemaleMaxTargetProvisionMass' was not declared or defined.
C:/Users/au223892/DocumentationRepos/ALMaSS_Osmia_model_documentations/src/Osmia_Population_Manager_dox.cpp:1324: warning: documented symbol 'double Osmia_Base::m_MaleMaxMass' was not declared or defined.
C:/Users/au223892/DocumentationRepos/ALMaSS_Osmia_model_documentations/src/Osmia_Population_Manager_dox.cpp:1325: warning: documented symbol 'double Osmia_Base::m_FemaleMinMass' was not declared or defined.
C:/Users/au223892/DocumentationRepos/ALMaSS_Osmia_model_documentations/src/Osmia_Population_Manager_dox.cpp:1326: warning: documented symbol 'double Osmia_Base::m_FemaleMaxMass' was not declared or defined.
C:/Users/au223892/DocumentationRepos/ALMaSS_Osmia_model_documentations/src/Osmia_Population_Manager_dox.cpp:1327: warning: documented symbol 'double Osmia_Base::m_MinimumCellConstructionTime' was not declared or defined.
C:/Users/au223892/DocumentationRepos/ALMaSS_Osmia_model_documentations/src/Osmia_Population_Manager_dox.cpp:1328: warning: documented symbol 'double Osmia_Base::m_MaximumCellConstructionTime' was not declared or defined.
C:/Users/au223892/DocumentationRepos/ALMaSS_Osmia_model_documentations/src/Osmia_Population_Manager_dox.cpp:1329: warning: documented symbol 'int Osmia_Base::m_TotalNestsPossible' was not declared or defined.
C:/Users/au223892/DocumentationRepos/ALMaSS_Osmia_model_documentations/src/Osmia_Population_Manager_dox.cpp:1330: warning: documented symbol 'double Osmia_Base::m_BombylidProbability' was not declared or defined.
C:/Users/au223892/DocumentationRepos/ALMaSS_Osmia_model_documentations/src/Osmia_Population_Manager_dox.cpp:1331: warning: documented symbol 'double Osmia_Base::m_ParasitismProbToTimeCellOpen' was not declared or defined.
C:/Users/au223892/DocumentationRepos/ALMaSS_Osmia_model_documentations/src/Osmia_Population_Manager_dox.cpp:1332: warning: documented symbol 'double Osmia_Base::m_OsmiaFemaleR50distance' was not declared or defined.
C:/Users/au223892/DocumentationRepos/ALMaSS_Osmia_model_documentations/src/Osmia_Population_Manager_dox.cpp:1333: warning: documented symbol 'double Osmia_Base::m_OsmiaFemaleR90distance' was not declared or defined.
C:/Users/au223892/DocumentationRepos/ALMaSS_Osmia_model_documentations/src/Osmia_Population_Manager_dox.cpp:1334: warning: documented symbol 'int Osmia_Base::m_OsmiaFemaleLifespan' was not declared or defined.
C:/Users/au223892/DocumentationRepos/ALMaSS_Osmia_model_documentations/src/Osmia_Population_Manager_dox.cpp:1335: warning: documented symbol 'int Osmia_Base::m_OsmiaFemalePrenesting' was not declared or defined.
C:/Users/au223892/DocumentationRepos/ALMaSS_Osmia_model_documentations/src/Osmia_Population_Manager_dox.cpp:1336: warning: documented symbol 'vector< double > Osmia_Base::m_ParasitoidAttackChance' was not declared or defined.
C:/Users/au223892/DocumentationRepos/ALMaSS_Osmia_model_documentations/src/Osmia_Population_Manager_dox.cpp:1337: warning: documented symbol 'Osmia_Nest_Manager * Osmia_Nest::m_OurManager' was not declared or defined.
index:0: warning: unable to resolve reference to 'DoFirst()' for \ref command
index:0: warning: Potential recursion while resolving \ref command!
index:0: warning: unable to resolve reference to 'BeginStep()' for \ref command
index:0: warning: unable to resolve reference to 'Step()' for \ref command
index:0: warning: unable to resolve reference to 'DoLast()' for \ref command
C:/Users/au223892/DocumentationRepos/ALMaSS_Osmia_model_documentations/src/Osmia_dox.cpp:2515: warning: argument data from the argument list of Osmia_InCocoon::Osmia_InCocoon has multiple @param documentation sections
C:/Users/au223892/DocumentationRepos/ALMaSS_Osmia_model_documentations/src/Osmia_dox.cpp:2483: warning: argument data from the argument list of Osmia_InCocoon::ReInit has multiple @param documentation sections
C:/Users/au223892/DocumentationRepos/ALMaSS_Osmia_model_documentations/src/Osmia_Population_Manager_dox.cpp:1418: warning: argument 'a_landscape' of command @param is not found in the argument list of Osmia_Population_Manager::Osmia_Population_Manager(Landscape *L)
C:/Users/au223892/DocumentationRepos/ALMaSS_Osmia_model_documentations/src/Osmia_Population_Manager_dox.cpp:1440: warning: explicit link request to 'pragma' could not be resolved
index:220: warning: unable to resolve reference to 'DoFirst()' for \ref command
index:251: warning: unable to resolve reference to 'BeginStep()' for \ref command
index:287: warning: unable to resolve reference to 'Step()' for \ref command
index:341: warning: unable to resolve reference to 'DoLast()' for \ref command
C:/Users/au223892/DocumentationRepos/ALMaSS_Osmia_model_documentations/docs/Osmia_MIDox_Complete.md:98: warning: unable to resolve reference to 'Osmia_Egg:' for \ref command
C:/Users/au223892/DocumentationRepos/ALMaSS_Osmia_model_documentations/docs/Osmia_MIDox_Complete.md:99: warning: unable to resolve reference to 'Osmia_Larva:' for \ref command
C:/Users/au223892/DocumentationRepos/ALMaSS_Osmia_model_documentations/docs/Osmia_MIDox_Complete.md:100: warning: unable to resolve reference to 'Osmia_Prepupa:' for \ref command
C:/Users/au223892/DocumentationRepos/ALMaSS_Osmia_model_documentations/docs/Osmia_MIDox_Complete.md:101: warning: unable to resolve reference to 'Osmia_Pupa:' for \ref command
C:/Users/au223892/DocumentationRepos/ALMaSS_Osmia_model_documentations/docs/Osmia_MIDox_Complete.md:102: warning: unable to resolve reference to 'Osmia_InCocoon:' for \ref command
C:/Users/au223892/DocumentationRepos/ALMaSS_Osmia_model_documentations/docs/Osmia_MIDox_Complete.md:103: warning: unable to resolve reference to 'Osmia_Female:' for \ref command
C:/Users/au223892/DocumentationRepos/ALMaSS_Osmia_model_documentations/docs/Osmia_MIDox_Complete.md:105: warning: unable to resolve reference to 'Osmia_Base' for \ref command
C:/Users/au223892/DocumentationRepos/ALMaSS_Osmia_model_documentations/docs/Osmia_MIDox_Complete.md:118: warning: unable to resolve reference to 'DoFirst()' for \ref command
C:/Users/au223892/DocumentationRepos/ALMaSS_Osmia_model_documentations/docs/Osmia_MIDox_Complete.md:118: warning: unable to resolve reference to 'DoBefore()' for \ref command
C:/Users/au223892/DocumentationRepos/ALMaSS_Osmia_model_documentations/docs/Osmia_MIDox_Complete.md:118: warning: unable to resolve reference to 'DoAfter()' for \ref command
C:/Users/au223892/DocumentationRepos/ALMaSS_Osmia_model_documentations/docs/Osmia_MIDox_Complete.md:118: warning: unable to resolve reference to 'DoLast()' for \ref command
C:/Users/au223892/DocumentationRepos/ALMaSS_Osmia_model_documentations/docs/Osmia_MIDox_Complete.md:122: warning: unable to resolve reference to 'Osmia_Nest_Manager' for \ref command
C:/Users/au223892/DocumentationRepos/ALMaSS_Osmia_model_documentations/docs/Osmia_MIDox_Complete.md:129: warning: unable to resolve reference to 'Osmia_Nest' for \ref command
C:/Users/au223892/DocumentationRepos/ALMaSS_Osmia_model_documentations/docs/Osmia_MIDox_Complete.md:218: warning: unable to resolve reference to 'Osmia_Population_Manager:' for \ref command
C:/Users/au223892/DocumentationRepos/ALMaSS_Osmia_model_documentations/docs/Osmia_MIDox_Complete.md:220: warning: unable to resolve reference to 'DoFirst()' for \ref command
C:/Users/au223892/DocumentationRepos/ALMaSS_Osmia_model_documentations/docs/Osmia_MIDox_Complete.md:220: warning: Potential recursion while resolving \ref command!
C:/Users/au223892/DocumentationRepos/ALMaSS_Osmia_model_documentations/docs/Osmia_MIDox_Complete.md:251: warning: unable to resolve reference to 'BeginStep()' for \ref command
C:/Users/au223892/DocumentationRepos/ALMaSS_Osmia_model_documentations/docs/Osmia_MIDox_Complete.md:251: warning: Potential recursion while resolving \ref command!
C:/Users/au223892/DocumentationRepos/ALMaSS_Osmia_model_documentations/docs/Osmia_MIDox_Complete.md:259: warning: unable to resolve reference to 'BeginStep()' for \ref command
C:/Users/au223892/DocumentationRepos/ALMaSS_Osmia_model_documentations/docs/Osmia_MIDox_Complete.md:287: warning: unable to resolve reference to 'Step()' for \ref command
C:/Users/au223892/DocumentationRepos/ALMaSS_Osmia_model_documentations/docs/Osmia_MIDox_Complete.md:287: warning: Potential recursion while resolving \ref command!
C:/Users/au223892/DocumentationRepos/ALMaSS_Osmia_model_documentations/docs/Osmia_MIDox_Complete.md:341: warning: unable to resolve reference to 'DoLast()' for \ref command
C:/Users/au223892/DocumentationRepos/ALMaSS_Osmia_model_documentations/docs/Osmia_MIDox_Complete.md:341: warning: Potential recursion while resolving \ref command!
C:/Users/au223892/DocumentationRepos/ALMaSS_Osmia_model_documentations/docs/Osmia_MIDox_Complete.md:405: warning: unable to resolve reference to 'Osmia_Base' for \ref command
C:/Users/au223892/DocumentationRepos/ALMaSS_Osmia_model_documentations/docs/Osmia_MIDox_Complete.md:405: warning: unable to resolve reference to 'Osmia_Egg::Step' for \ref command
C:/Users/au223892/DocumentationRepos/ALMaSS_Osmia_model_documentations/docs/Osmia_MIDox_Complete.md:405: warning: unable to resolve reference to 'Osmia_Larva::Step' for \ref command
C:/Users/au223892/DocumentationRepos/ALMaSS_Osmia_model_documentations/docs/Osmia_MIDox_Complete.md:423: warning: unable to resolve reference to 'Osmia_Base' for \ref command
C:/Users/au223892/DocumentationRepos/ALMaSS_Osmia_model_documentations/docs/Osmia_MIDox_Complete.md:424: warning: unable to resolve reference to 'Osmia_Base::m_OsmiaEggDevelThreshold:' for \ref command
C:/Users/au223892/DocumentationRepos/ALMaSS_Osmia_model_documentations/docs/Osmia_MIDox_Complete.md:425: warning: unable to resolve reference to 'Osmia_Base::m_OsmiaEggDevelTotalDD:' for \ref command
C:/Users/au223892/DocumentationRepos/ALMaSS_Osmia_model_documentations/docs/Osmia_MIDox_Complete.md:426: warning: unable to resolve reference to 'Osmia_Base::m_OsmiaLarvaDevelThreshold:' for \ref command
C:/Users/au223892/DocumentationRepos/ALMaSS_Osmia_model_documentations/docs/Osmia_MIDox_Complete.md:427: warning: unable to resolve reference to 'Osmia_Base::m_OsmiaLarvaDevelTotalDD:' for \ref command
C:/Users/au223892/DocumentationRepos/ALMaSS_Osmia_model_documentations/docs/Osmia_MIDox_Complete.md:428: warning: unable to resolve reference to 'Osmia_Base::m_OsmiaPupaDevelThreshold:' for \ref command
C:/Users/au223892/DocumentationRepos/ALMaSS_Osmia_model_documentations/docs/Osmia_MIDox_Complete.md:429: warning: unable to resolve reference to 'Osmia_Base::m_OsmiaPupaDevelTotalDD:' for \ref command
C:/Users/au223892/DocumentationRepos/ALMaSS_Osmia_model_documentations/docs/Osmia_MIDox_Complete.md:451: warning: unable to resolve reference to 'Osmia_Base::m_OsmiaPrepupalDevelTotalDays:' for \ref command
C:/Users/au223892/DocumentationRepos/ALMaSS_Osmia_model_documentations/docs/Osmia_MIDox_Complete.md:482: warning: unable to resolve reference to 'Osmia_Base::m_OsmiaInCocoonOverwinteringTempThreshold:' for \ref command
C:/Users/au223892/DocumentationRepos/ALMaSS_Osmia_model_documentations/docs/Osmia_MIDox_Complete.md:483: warning: unable to resolve reference to 'Osmia_Base::m_OsmiaInCocoonEmergCountConst' for \ref command
C:/Users/au223892/DocumentationRepos/ALMaSS_Osmia_model_documentations/docs/Osmia_MIDox_Complete.md:483: warning: unable to resolve reference to 'Osmia_Base::m_OsmiaInCocoonEmergCountSlope:' for \ref command
C:/Users/au223892/DocumentationRepos/ALMaSS_Osmia_model_documentations/docs/Osmia_MIDox_Complete.md:565: warning: unable to resolve reference to 'OsmiaForageMaskDetailed' for \ref command
C:/Users/au223892/DocumentationRepos/ALMaSS_Osmia_model_documentations/docs/Osmia_MIDox_Complete.md:635: warning: unable to resolve reference to 'OsmiaForageMask' for \ref command
C:/Users/au223892/DocumentationRepos/ALMaSS_Osmia_model_documentations/docs/Osmia_MIDox_Complete.md:637: warning: unable to resolve reference to 'OsmiaForageMaskDetailed' for \ref command
C:/Users/au223892/DocumentationRepos/ALMaSS_Osmia_model_documentations/docs/Osmia_MIDox_Complete.md:702: warning: unable to resolve reference to 'Osmia.cpp' for \ref command
C:/Users/au223892/DocumentationRepos/ALMaSS_Osmia_model_documentations/docs/Osmia_MIDox_Complete.md:702: warning: unable to resolve reference to 'Osmia_Population_Manager.cpp' for \ref command
C:/Users/au223892/DocumentationRepos/ALMaSS_Osmia_model_documentations/docs/Osmia_MIDox_Complete.md:1672: warning: unable to resolve reference to 'Osmia_Base' for \ref command
C:/Users/au223892/DocumentationRepos/ALMaSS_Osmia_model_documentations/docs/Osmia_MIDox_Complete.md:1672: warning: unable to resolve reference to 'GetTemp()' for \ref command
C:/Users/au223892/DocumentationRepos/ALMaSS_Osmia_model_documentations/docs/Osmia_MIDox_Complete.md:1672: warning: unable to resolve reference to 'SetTemp()' for \ref command
C:/Users/au223892/DocumentationRepos/ALMaSS_Osmia_model_documentations/docs/Osmia_MIDox_Complete.md:1672: warning: unable to resolve reference to 'CheckMortality()' for \ref command
C:/Users/au223892/DocumentationRepos/ALMaSS_Osmia_model_documentations/docs/Osmia_MIDox_Complete.md:1673: warning: unable to resolve reference to 'Osmia_Egg' for \ref command
C:/Users/au223892/DocumentationRepos/ALMaSS_Osmia_model_documentations/docs/Osmia_MIDox_Complete.md:1673: warning: unable to resolve reference to 'Step()' for \ref command
C:/Users/au223892/DocumentationRepos/ALMaSS_Osmia_model_documentations/docs/Osmia_MIDox_Complete.md:1673: warning: unable to resolve reference to 'TransitionToLarva()' for \ref command
C:/Users/au223892/DocumentationRepos/ALMaSS_Osmia_model_documentations/docs/Osmia_MIDox_Complete.md:1674: warning: unable to resolve reference to 'Osmia_Larva' for \ref command
C:/Users/au223892/DocumentationRepos/ALMaSS_Osmia_model_documentations/docs/Osmia_MIDox_Complete.md:1674: warning: unable to resolve reference to 'Step()' for \ref command
C:/Users/au223892/DocumentationRepos/ALMaSS_Osmia_model_documentations/docs/Osmia_MIDox_Complete.md:1674: warning: unable to resolve reference to 'TransitionToPrepupa()' for \ref command
C:/Users/au223892/DocumentationRepos/ALMaSS_Osmia_model_documentations/docs/Osmia_MIDox_Complete.md:1675: warning: unable to resolve reference to 'Osmia_Prepupa' for \ref command
C:/Users/au223892/DocumentationRepos/ALMaSS_Osmia_model_documentations/docs/Osmia_MIDox_Complete.md:1675: warning: unable to resolve reference to 'Step()' for \ref command
C:/Users/au223892/DocumentationRepos/ALMaSS_Osmia_model_documentations/docs/Osmia_MIDox_Complete.md:1675: warning: unable to resolve reference to 'TransitionToPupa()' for \ref command
C:/Users/au223892/DocumentationRepos/ALMaSS_Osmia_model_documentations/docs/Osmia_MIDox_Complete.md:1676: warning: unable to resolve reference to 'Osmia_Pupa' for \ref command
C:/Users/au223892/DocumentationRepos/ALMaSS_Osmia_model_documentations/docs/Osmia_MIDox_Complete.md:1676: warning: unable to resolve reference to 'Step()' for \ref command
C:/Users/au223892/DocumentationRepos/ALMaSS_Osmia_model_documentations/docs/Osmia_MIDox_Complete.md:1676: warning: unable to resolve reference to 'TransitionToInCocoon()' for \ref command
C:/Users/au223892/DocumentationRepos/ALMaSS_Osmia_model_documentations/docs/Osmia_MIDox_Complete.md:1677: warning: unable to resolve reference to 'Step()' for \ref command
C:/Users/au223892/DocumentationRepos/ALMaSS_Osmia_model_documentations/docs/Osmia_MIDox_Complete.md:1677: warning: unable to resolve reference to 'Emerge()' for \ref command
C:/Users/au223892/DocumentationRepos/ALMaSS_Osmia_model_documentations/docs/Osmia_MIDox_Complete.md:1678: warning: unable to resolve reference to 'Step()' for \ref command
C:/Users/au223892/DocumentationRepos/ALMaSS_Osmia_model_documentations/docs/Osmia_MIDox_Complete.md:1678: warning: unable to resolve reference to 'FindNest()' for \ref command
C:/Users/au223892/DocumentationRepos/ALMaSS_Osmia_model_documentations/docs/Osmia_MIDox_Complete.md:1678: warning: unable to resolve reference to 'Forage()' for \ref command
C:/Users/au223892/DocumentationRepos/ALMaSS_Osmia_model_documentations/docs/Osmia_MIDox_Complete.md:1678: warning: unable to resolve reference to 'LayEgg()' for \ref command
C:/Users/au223892/DocumentationRepos/ALMaSS_Osmia_model_documentations/docs/Osmia_MIDox_Complete.md:1679: warning: unable to resolve reference to 'Init()' for \ref command
C:/Users/au223892/DocumentationRepos/ALMaSS_Osmia_model_documentations/docs/Osmia_MIDox_Complete.md:1679: warning: unable to resolve reference to 'DoFirst()' for \ref command
C:/Users/au223892/DocumentationRepos/ALMaSS_Osmia_model_documentations/docs/Osmia_MIDox_Complete.md:1679: warning: unable to resolve reference to 'CreateObjects()' for \ref command
C:/Users/au223892/DocumentationRepos/ALMaSS_Osmia_model_documentations/docs/Osmia_MIDox_Complete.md:1680: warning: unable to resolve reference to 'Osmia_Nest_Manager' for \ref command
C:/Users/au223892/DocumentationRepos/ALMaSS_Osmia_model_documentations/docs/Osmia_MIDox_Complete.md:1680: warning: unable to resolve reference to 'UpdateOsmiaNesting()' for \ref command
C:/Users/au223892/DocumentationRepos/ALMaSS_Osmia_model_documentations/docs/Osmia_MIDox_Complete.md:1680: warning: unable to resolve reference to 'IsNestPossible()' for \ref command
C:/Users/au223892/DocumentationRepos/ALMaSS_Osmia_model_documentations/docs/Osmia_MIDox_Complete.md:1681: warning: unable to resolve reference to 'Osmia_Nest' for \ref command
C:/Users/au223892/DocumentationRepos/ALMaSS_Osmia_model_documentations/docs/Osmia_MIDox_Complete.md:1681: warning: unable to resolve reference to 'AddEgg()' for \ref command
C:/Users/au223892/DocumentationRepos/ALMaSS_Osmia_model_documentations/docs/Osmia_MIDox_Complete.md:1681: warning: unable to resolve reference to 'AddCocoon()' for \ref command
C:/Users/au223892/DocumentationRepos/ALMaSS_Osmia_model_documentations/docs/Osmia_MIDox_Complete.md:1681: warning: unable to resolve reference to 'CloseNest()' for \ref command
C:/Users/au223892/DocumentationRepos/ALMaSS_Osmia_model_documentations/doxygen_output/html/Osmia__Population__Manager__dox_8cpp_a18c10d18f0bdc45ef48454da194aa6eb_icgraph.dot:1: error: Problems running dot: exit code=-1, command='dot.exe', arguments='"C:/Users/au223892/DocumentationRepos/ALMaSS_Osmia_model_documentations/doxygen_output/html/Osmia__Population__Manager__dox_8cpp_a18c10d18f0bdc45ef48454da194aa6eb_icgraph.dot" -Tpng -o "C:/Users/au223892/DocumentationRepos/ALMaSS_Osmia_model_documentations/doxygen_output/html/Osmia__Population__Manager__dox_8cpp_a18c10d18f0bdc45ef48454da194aa6eb_icgraph.png" -Tcmapx -o "C:/Users/au223892/DocumentationRepos/ALMaSS_Osmia_model_documentations/doxygen_output/html/Osmia__Population__Manager__dox_8cpp_a18c10d18f0bdc45ef48454da194aa6eb_icgraph.map"'
C:/Users/au223892/DocumentationRepos/ALMaSS_Osmia_model_documentations/doxygen_output/html/Osmia__Population__Manager__dox_8cpp__incl.dot:1: error: Problems running dot: exit code=-1, command='dot.exe', arguments='"C:/Users/au223892/DocumentationRepos/ALMaSS_Osmia_model_documentations/doxygen_output/html/Osmia__Population__Manager__dox_8cpp__incl.dot" -Tpng -o "C:/Users/au223892/DocumentationRepos/ALMaSS_Osmia_model_documentations/doxygen_output/html/Osmia__Population__Manager__dox_8cpp__incl.png" -Tcmapx -o "C:/Users/au223892/DocumentationRepos/ALMaSS_Osmia_model_documentations/doxygen_output/html/Osmia__Population__Manager__dox_8cpp__incl.map"'
C:/Users/au223892/DocumentationRepos/ALMaSS_Osmia_model_documentations/doxygen_output/html/Osmia__Population__Manager__dox_8cpp_a95e8b7c7685b979f86398d45583dd003_icgraph.dot:1: error: Problems running dot: exit code=-1, command='dot.exe', arguments='"C:/Users/au223892/DocumentationRepos/ALMaSS_Osmia_model_documentations/doxygen_output/html/Osmia__Population__Manager__dox_8cpp_a95e8b7c7685b979f86398d45583dd003_icgraph.dot" -Tpng -o "C:/Users/au223892/DocumentationRepos/ALMaSS_Osmia_model_documentations/doxygen_output/html/Osmia__Population__Manager__dox_8cpp_a95e8b7c7685b979f86398d45583dd003_icgraph.png" -Tcmapx -o "C:/Users/au223892/DocumentationRepos/ALMaSS_Osmia_model_documentations/doxygen_output/html/Osmia__Population__Manager__dox_8cpp_a95e8b7c7685b979f86398d45583dd003_icgraph.map"'
C:/Users/au223892/DocumentationRepos/ALMaSS_Osmia_model_documentations/doxygen_output/html/Osmia__Population__Manager__dox_8cpp_a23f7c59b353b1b840451e8f267b18ef8_icgraph.dot:1: error: Problems running dot: exit code=-1, command='dot.exe', arguments='"C:/Users/au223892/DocumentationRepos/ALMaSS_Osmia_model_documentations/doxygen_output/html/Osmia__Population__Manager__dox_8cpp_a23f7c59b353b1b840451e8f267b18ef8_icgraph.dot" -Tpng -o "C:/Users/au223892/DocumentationRepos/ALMaSS_Osmia_model_documentations/doxygen_output/html/Osmia__Population__Manager__dox_8cpp_a23f7c59b353b1b840451e8f267b18ef8_icgraph.png" -Tcmapx -o "C:/Users/au223892/DocumentationRepos/ALMaSS_Osmia_model_documentations/doxygen_output/html/Osmia__Population__Manager__dox_8cpp_a23f7c59b353b1b840451e8f267b18ef8_icgraph.map"'
C:/Users/au223892/DocumentationRepos/ALMaSS_Osmia_model_documentations/doxygen_output/html/Osmia__Population__Manager__dox_8cpp_a5a914edec9a4029ee668603263ac69f4_icgraph.dot:1: error: Problems running dot: exit code=-1, command='dot.exe', arguments='"C:/Users/au223892/DocumentationRepos/ALMaSS_Osmia_model_documentations/doxygen_output/html/Osmia__Population__Manager__dox_8cpp_a5a914edec9a4029ee668603263ac69f4_icgraph.dot" -Tpng -o "C:/Users/au223892/DocumentationRepos/ALMaSS_Osmia_model_documentations/doxygen_output/html/Osmia__Population__Manager__dox_8cpp_a5a914edec9a4029ee668603263ac69f4_icgraph.png" -Tcmapx -o "C:/Users/au223892/DocumentationRepos/ALMaSS_Osmia_model_documentations/doxygen_output/html/Osmia__Population__Manager__dox_8cpp_a5a914edec9a4029ee668603263ac69f4_icgraph.map"'
C:/Users/au223892/DocumentationRepos/ALMaSS_Osmia_model_documentations/doxygen_output/html/Osmia__Population__Manager__dox_8h__incl.dot:1: error: Problems running dot: exit code=-1, command='dot.exe', arguments='"C:/Users/au223892/DocumentationRepos/ALMaSS_Osmia_model_documentations/doxygen_output/html/Osmia__Population__Manager__dox_8h__incl.dot" -Tpng -o "C:/Users/au223892/DocumentationRepos/ALMaSS_Osmia_model_documentations/doxygen_output/html/Osmia__Population__Manager__dox_8h__incl.png" -Tcmapx -o "C:/Users/au223892/DocumentationRepos/ALMaSS_Osmia_model_documentations/doxygen_output/html/Osmia__Population__Manager__dox_8h__incl.map"'
C:/Users/au223892/DocumentationRepos/ALMaSS_Osmia_model_documentations/doxygen_output/html/Osmia__dox_8cpp__incl.dot:1: error: Problems running dot: exit code=-1, command='dot.exe', arguments='"C:/Users/au223892/DocumentationRepos/ALMaSS_Osmia_model_documentations/doxygen_output/html/Osmia__dox_8cpp__incl.dot" -Tpng -o "C:/Users/au223892/DocumentationRepos/ALMaSS_Osmia_model_documentations/doxygen_output/html/Osmia__dox_8cpp__incl.png" -Tcmapx -o "C:/Users/au223892/DocumentationRepos/ALMaSS_Osmia_model_documentations/doxygen_output/html/Osmia__dox_8cpp__incl.map"'
C:/Users/au223892/DocumentationRepos/ALMaSS_Osmia_model_documentations/doxygen_output/html/Osmia__dox_8cpp_a239d8a4d73fe245cf1ac61d967f9c7a8_icgraph.dot:1: error: Problems running dot: exit code=-1, command='dot.exe', arguments='"C:/Users/au223892/DocumentationRepos/ALMaSS_Osmia_model_documentations/doxygen_output/html/Osmia__dox_8cpp_a239d8a4d73fe245cf1ac61d967f9c7a8_icgraph.dot" -Tpng -o "C:/Users/au223892/DocumentationRepos/ALMaSS_Osmia_model_documentations/doxygen_output/html/Osmia__dox_8cpp_a239d8a4d73fe245cf1ac61d967f9c7a8_icgraph.png" -Tcmapx -o "C:/Users/au223892/DocumentationRepos/ALMaSS_Osmia_model_documentations/doxygen_output/html/Osmia__dox_8cpp_a239d8a4d73fe245cf1ac61d967f9c7a8_icgraph.map"'
C:/Users/au223892/DocumentationRepos/ALMaSS_Osmia_model_documentations/doxygen_output/html/Osmia__dox_8cpp_a12cad1501d3d579b7720f2dd6fb19f29_icgraph.dot:1: error: Problems running dot: exit code=-1, command='dot.exe', arguments='"C:/Users/au223892/DocumentationRepos/ALMaSS_Osmia_model_documentations/doxygen_output/html/Osmia__dox_8cpp_a12cad1501d3d579b7720f2dd6fb19f29_icgraph.dot" -Tpng -o "C:/Users/au223892/DocumentationRepos/ALMaSS_Osmia_model_documentations/doxygen_output/html/Osmia__dox_8cpp_a12cad1501d3d579b7720f2dd6fb19f29_icgraph.png" -Tcmapx -o "C:/Users/au223892/DocumentationRepos/ALMaSS_Osmia_model_documentations/doxygen_output/html/Osmia__dox_8cpp_a12cad1501d3d579b7720f2dd6fb19f29_icgraph.map"'
C:/Users/au223892/DocumentationRepos/ALMaSS_Osmia_model_documentations/doxygen_output/html/Osmia__dox_8cpp_a53193f5d8cedb347457d7991eda1b251_cgraph.dot:1: error: Problems running dot: exit code=-1, command='dot.exe', arguments='"C:/Users/au223892/DocumentationRepos/ALMaSS_Osmia_model_documentations/doxygen_output/html/Osmia__dox_8cpp_a53193f5d8cedb347457d7991eda1b251_cgraph.dot" -Tpng -o "C:/Users/au223892/DocumentationRepos/ALMaSS_Osmia_model_documentations/doxygen_output/html/Osmia__dox_8cpp_a53193f5d8cedb347457d7991eda1b251_cgraph.png" -Tcmapx -o "C:/Users/au223892/DocumentationRepos/ALMaSS_Osmia_model_documentations/doxygen_output/html/Osmia__dox_8cpp_a53193f5d8cedb347457d7991eda1b251_cgraph.map"'
C:/Users/au223892/DocumentationRepos/ALMaSS_Osmia_model_documentations/doxygen_output/html/Osmia__dox_8cpp_a56f782e90532ef80126511439413e9e0_icgraph.dot:1: error: Problems running dot: exit code=-1, command='dot.exe', arguments='"C:/Users/au223892/DocumentationRepos/ALMaSS_Osmia_model_documentations/doxygen_output/html/Osmia__dox_8cpp_a56f782e90532ef80126511439413e9e0_icgraph.dot" -Tpng -o "C:/Users/au223892/DocumentationRepos/ALMaSS_Osmia_model_documentations/doxygen_output/html/Osmia__dox_8cpp_a56f782e90532ef80126511439413e9e0_icgraph.png" -Tcmapx -o "C:/Users/au223892/DocumentationRepos/ALMaSS_Osmia_model_documentations/doxygen_output/html/Osmia__dox_8cpp_a56f782e90532ef80126511439413e9e0_icgraph.map"'
C:/Users/au223892/DocumentationRepos/ALMaSS_Osmia_model_documentations/doxygen_output/html/Osmia__dox_8cpp_a9c37f7366ee112061f7a9d4ce6d9a0fc_icgraph.dot:1: error: Problems running dot: exit code=-1, command='dot.exe', arguments='"C:/Users/au223892/DocumentationRepos/ALMaSS_Osmia_model_documentations/doxygen_output/html/Osmia__dox_8cpp_a9c37f7366ee112061f7a9d4ce6d9a0fc_icgraph.dot" -Tpng -o "C:/Users/au223892/DocumentationRepos/ALMaSS_Osmia_model_documentations/doxygen_output/html/Osmia__dox_8cpp_a9c37f7366ee112061f7a9d4ce6d9a0fc_icgraph.png" -Tcmapx -o "C:/Users/au223892/DocumentationRepos/ALMaSS_Osmia_model_documentations/doxygen_output/html/Osmia__dox_8cpp_a9c37f7366ee112061f7a9d4ce6d9a0fc_icgraph.map"'
C:/Users/au223892/DocumentationRepos/ALMaSS_Osmia_model_documentations/doxygen_output/html/Osmia__dox_8cpp_aec7f01b23b6f6b87b7d185ef46426de1_icgraph.dot:1: error: Problems running dot: exit code=-1, command='dot.exe', arguments='"C:/Users/au223892/DocumentationRepos/ALMaSS_Osmia_model_documentations/doxygen_output/html/Osmia__dox_8cpp_aec7f01b23b6f6b87b7d185ef46426de1_icgraph.dot" -Tpng -o "C:/Users/au223892/DocumentationRepos/ALMaSS_Osmia_model_documentations/doxygen_output/html/Osmia__dox_8cpp_aec7f01b23b6f6b87b7d185ef46426de1_icgraph.png" -Tcmapx -o "C:/Users/au223892/DocumentationRepos/ALMaSS_Osmia_model_documentations/doxygen_output/html/Osmia__dox_8cpp_aec7f01b23b6f6b87b7d185ef46426de1_icgraph.map"'
C:/Users/au223892/DocumentationRepos/ALMaSS_Osmia_model_documentations/doxygen_output/html/Osmia__dox_8cpp_aa56f462a0c295a34de7ee55db5a66bb0_icgraph.dot:1: error: Problems running dot: exit code=-1, command='dot.exe', arguments='"C:/Users/au223892/DocumentationRepos/ALMaSS_Osmia_model_documentations/doxygen_output/html/Osmia__dox_8cpp_aa56f462a0c295a34de7ee55db5a66bb0_icgraph.dot" -Tpng -o "C:/Users/au223892/DocumentationRepos/ALMaSS_Osmia_model_documentations/doxygen_output/html/Osmia__dox_8cpp_aa56f462a0c295a34de7ee55db5a66bb0_icgraph.png" -Tcmapx -o "C:/Users/au223892/DocumentationRepos/ALMaSS_Osmia_model_documentations/doxygen_output/html/Osmia__dox_8cpp_aa56f462a0c295a34de7ee55db5a66bb0_icgraph.map"'
C:/Users/au223892/DocumentationRepos/ALMaSS_Osmia_model_documentations/doxygen_output/html/Osmia__dox_8cpp_afcd1f210b125c394f4605acaf1e05456_icgraph.dot:1: error: Problems running dot: exit code=-1, command='dot.exe', arguments='"C:/Users/au223892/DocumentationRepos/ALMaSS_Osmia_model_documentations/doxygen_output/html/Osmia__dox_8cpp_afcd1f210b125c394f4605acaf1e05456_icgraph.dot" -Tpng -o "C:/Users/au223892/DocumentationRepos/ALMaSS_Osmia_model_documentations/doxygen_output/html/Osmia__dox_8cpp_afcd1f210b125c394f4605acaf1e05456_icgraph.png" -Tcmapx -o "C:/Users/au223892/DocumentationRepos/ALMaSS_Osmia_model_documentations/doxygen_output/html/Osmia__dox_8cpp_afcd1f210b125c394f4605acaf1e05456_icgraph.map"'
C:/Users/au223892/DocumentationRepos/ALMaSS_Osmia_model_documentations/doxygen_output/html/Osmia__dox_8cpp_afffcb04d3f0dece33fab984be5e8b206_icgraph.dot:1: error: Problems running dot: exit code=-1, command='dot.exe', arguments='"C:/Users/au223892/DocumentationRepos/ALMaSS_Osmia_model_documentations/doxygen_output/html/Osmia__dox_8cpp_afffcb04d3f0dece33fab984be5e8b206_icgraph.dot" -Tpng -o "C:/Users/au223892/DocumentationRepos/ALMaSS_Osmia_model_documentations/doxygen_output/html/Osmia__dox_8cpp_afffcb04d3f0dece33fab984be5e8b206_icgraph.png" -Tcmapx -o "C:/Users/au223892/DocumentationRepos/ALMaSS_Osmia_model_documentations/doxygen_output/html/Osmia__dox_8cpp_afffcb04d3f0dece33fab984be5e8b206_icgraph.map"'
C:/Users/au223892/DocumentationRepos/ALMaSS_Osmia_model_documentations/doxygen_output/html/classOsmiaParasitoidSubPopulation__coll__graph.dot:1: error: Problems running dot: exit code=-1, command='dot.exe', arguments='"C:/Users/au223892/DocumentationRepos/ALMaSS_Osmia_model_documentations/doxygen_output/html/classOsmiaParasitoidSubPopulation__coll__graph.dot" -Tpng -o "C:/Users/au223892/DocumentationRepos/ALMaSS_Osmia_model_documentations/doxygen_output/html/classOsmiaParasitoidSubPopulation__coll__graph.png" -Tcmapx -o "C:/Users/au223892/DocumentationRepos/ALMaSS_Osmia_model_documentations/doxygen_output/html/classOsmiaParasitoidSubPopulation__coll__graph.map"'
C:/Users/au223892/DocumentationRepos/ALMaSS_Osmia_model_documentations/doxygen_output/html/classOsmiaParasitoidSubPopulation_a037bc346862c179f7b7caedb91385c37_icgraph.dot:1: error: Problems running dot: exit code=-1, command='dot.exe', arguments='"C:/Users/au223892/DocumentationRepos/ALMaSS_Osmia_model_documentations/doxygen_output/html/classOsmiaParasitoidSubPopulation_a037bc346862c179f7b7caedb91385c37_icgraph.dot" -Tpng -o "C:/Users/au223892/DocumentationRepos/ALMaSS_Osmia_model_documentations/doxygen_output/html/classOsmiaParasitoidSubPopulation_a037bc346862c179f7b7caedb91385c37_icgraph.png" -Tcmapx -o "C:/Users/au223892/DocumentationRepos/ALMaSS_Osmia_model_documentations/doxygen_output/html/classOsmiaParasitoidSubPopulation_a037bc346862c179f7b7caedb91385c37_icgraph.map"'
C:/Users/au223892/DocumentationRepos/ALMaSS_Osmia_model_documentations/doxygen_output/html/classOsmiaParasitoidSubPopulation_a19100d6ee3eb33fb200319a3355cc99e_cgraph.dot:1: error: Problems running dot: exit code=-1, command='dot.exe', arguments='"C:/Users/au223892/DocumentationRepos/ALMaSS_Osmia_model_documentations/doxygen_output/html/classOsmiaParasitoidSubPopulation_a19100d6ee3eb33fb200319a3355cc99e_cgraph.dot" -Tpng -o "C:/Users/au223892/DocumentationRepos/ALMaSS_Osmia_model_documentations/doxygen_output/html/classOsmiaParasitoidSubPopulation_a19100d6ee3eb33fb200319a3355cc99e_cgraph.png" -Tcmapx -o "C:/Users/au223892/DocumentationRepos/ALMaSS_Osmia_model_documentations/doxygen_output/html/classOsmiaParasitoidSubPopulation_a19100d6ee3eb33fb200319a3355cc99e_cgraph.map"'
C:/Users/au223892/DocumentationRepos/ALMaSS_Osmia_model_documentations/doxygen_output/html/classOsmiaParasitoidSubPopulation_a8a299a8a5375a502f48597489e6aa88f_icgraph.dot:1: error: Problems running dot: exit code=-1, command='dot.exe', arguments='"C:/Users/au223892/DocumentationRepos/ALMaSS_Osmia_model_documentations/doxygen_output/html/classOsmiaParasitoidSubPopulation_a8a299a8a5375a502f48597489e6aa88f_icgraph.dot" -Tpng -o "C:/Users/au223892/DocumentationRepos/ALMaSS_Osmia_model_documentations/doxygen_output/html/classOsmiaParasitoidSubPopulation_a8a299a8a5375a502f48597489e6aa88f_icgraph.png" -Tcmapx -o "C:/Users/au223892/DocumentationRepos/ALMaSS_Osmia_model_documentations/doxygen_output/html/classOsmiaParasitoidSubPopulation_a8a299a8a5375a502f48597489e6aa88f_icgraph.map"'
C:/Users/au223892/DocumentationRepos/ALMaSS_Osmia_model_documentations/doxygen_output/html/classOsmiaParasitoidSubPopulation_af0927d6e6446ca74d9aa09ae28939516_icgraph.dot:1: error: Problems running dot: exit code=-1, command='dot.exe', arguments='"C:/Users/au223892/DocumentationRepos/ALMaSS_Osmia_model_documentations/doxygen_output/html/classOsmiaParasitoidSubPopulation_af0927d6e6446ca74d9aa09ae28939516_icgraph.dot" -Tpng -o "C:/Users/au223892/DocumentationRepos/ALMaSS_Osmia_model_documentations/doxygen_output/html/classOsmiaParasitoidSubPopulation_af0927d6e6446ca74d9aa09ae28939516_icgraph.png" -Tcmapx -o "C:/Users/au223892/DocumentationRepos/ALMaSS_Osmia_model_documentations/doxygen_output/html/classOsmiaParasitoidSubPopulation_af0927d6e6446ca74d9aa09ae28939516_icgraph.map"'
C:/Users/au223892/DocumentationRepos/ALMaSS_Osmia_model_documentations/doxygen_output/html/classOsmiaParasitoid__Population__Manager__coll__graph.dot:1: error: Problems running dot: exit code=-1, command='dot.exe', arguments='"C:/Users/au223892/DocumentationRepos/ALMaSS_Osmia_model_documentations/doxygen_output/html/classOsmiaParasitoid__Population__Manager__coll__graph.dot" -Tpng -o "C:/Users/au223892/DocumentationRepos/ALMaSS_Osmia_model_documentations/doxygen_output/html/classOsmiaParasitoid__Population__Manager__coll__graph.png" -Tcmapx -o "C:/Users/au223892/DocumentationRepos/ALMaSS_Osmia_model_documentations/doxygen_output/html/classOsmiaParasitoid__Population__Manager__coll__graph.map"'
C:/Users/au223892/DocumentationRepos/ALMaSS_Osmia_model_documentations/doxygen_output/html/classOsmiaParasitoid__Population__Manager__inherit__graph.dot:1: error: Problems running dot: exit code=-1, command='dot.exe', arguments='"C:/Users/au223892/DocumentationRepos/ALMaSS_Osmia_model_documentations/doxygen_output/html/classOsmiaParasitoid__Population__Manager__inherit__graph.dot" -Tpng -o "C:/Users/au223892/DocumentationRepos/ALMaSS_Osmia_model_documentations/doxygen_output/html/classOsmiaParasitoid__Population__Manager__inherit__graph.png" -Tcmapx -o "C:/Users/au223892/DocumentationRepos/ALMaSS_Osmia_model_documentations/doxygen_output/html/classOsmiaParasitoid__Population__Manager__inherit__graph.map"'
C:/Users/au223892/DocumentationRepos/ALMaSS_Osmia_model_documentations/doxygen_output/html/classOsmiaPolygonEntry__coll__graph.dot:1: error: Problems running dot: exit code=-1, command='dot.exe', arguments='"C:/Users/au223892/DocumentationRepos/ALMaSS_Osmia_model_documentations/doxygen_output/html/classOsmiaPolygonEntry__coll__graph.dot" -Tpng -o "C:/Users/au223892/DocumentationRepos/ALMaSS_Osmia_model_documentations/doxygen_output/html/classOsmiaPolygonEntry__coll__graph.png" -Tcmapx -o "C:/Users/au223892/DocumentationRepos/ALMaSS_Osmia_model_documentations/doxygen_output/html/classOsmiaPolygonEntry__coll__graph.map"'
C:/Users/au223892/DocumentationRepos/ALMaSS_Osmia_model_documentations/doxygen_output/html/classOsmia__Female__coll__graph.dot:1: error: Problems running dot: exit code=-1, command='dot.exe', arguments='"C:/Users/au223892/DocumentationRepos/ALMaSS_Osmia_model_documentations/doxygen_output/html/classOsmia__Female__coll__graph.dot" -Tpng -o "C:/Users/au223892/DocumentationRepos/ALMaSS_Osmia_model_documentations/doxygen_output/html/classOsmia__Female__coll__graph.png" -Tcmapx -o "C:/Users/au223892/DocumentationRepos/ALMaSS_Osmia_model_documentations/doxygen_output/html/classOsmia__Female__coll__graph.map"'
C:/Users/au223892/DocumentationRepos/ALMaSS_Osmia_model_documentations/doxygen_output/html/classOsmia__Female__inherit__graph.dot:1: error: Problems running dot: exit code=-1, command='dot.exe', arguments='"C:/Users/au223892/DocumentationRepos/ALMaSS_Osmia_model_documentations/doxygen_output/html/classOsmia__Female__inherit__graph.dot" -Tpng -o "C:/Users/au223892/DocumentationRepos/ALMaSS_Osmia_model_documentations/doxygen_output/html/classOsmia__Female__inherit__graph.png" -Tcmapx -o "C:/Users/au223892/DocumentationRepos/ALMaSS_Osmia_model_documentations/doxygen_output/html/classOsmia__Female__inherit__graph.map"'
C:/Users/au223892/DocumentationRepos/ALMaSS_Osmia_model_documentations/doxygen_output/html/classOsmia__Female_a57d49547e2a2fd54ae90caacad2df17a_cgraph.dot:1: error: Problems running dot: exit code=-1, command='dot.exe', arguments='"C:/Users/au223892/DocumentationRepos/ALMaSS_Osmia_model_documentations/doxygen_output/html/classOsmia__Female_a57d49547e2a2fd54ae90caacad2df17a_cgraph.dot" -Tpng -o "C:/Users/au223892/DocumentationRepos/ALMaSS_Osmia_model_documentations/doxygen_output/html/classOsmia__Female_a57d49547e2a2fd54ae90caacad2df17a_cgraph.png" -Tcmapx -o "C:/Users/au223892/DocumentationRepos/ALMaSS_Osmia_model_documentations/doxygen_output/html/classOsmia__Female_a57d49547e2a2fd54ae90caacad2df17a_cgraph.map"'
C:/Users/au223892/DocumentationRepos/ALMaSS_Osmia_model_documentations/doxygen_output/html/classOsmia__InCocoon__coll__graph.dot:1: error: Problems running dot: exit code=-1, command='dot.exe', arguments='"C:/Users/au223892/DocumentationRepos/ALMaSS_Osmia_model_documentations/doxygen_output/html/classOsmia__InCocoon__coll__graph.dot" -Tpng -o "C:/Users/au223892/DocumentationRepos/ALMaSS_Osmia_model_documentations/doxygen_output/html/classOsmia__InCocoon__coll__graph.png" -Tcmapx -o "C:/Users/au223892/DocumentationRepos/ALMaSS_Osmia_model_documentations/doxygen_output/html/classOsmia__InCocoon__coll__graph.map"'
C:/Users/au223892/DocumentationRepos/ALMaSS_Osmia_model_documentations/doxygen_output/html/classOsmia__Female_afb7cb396b33201c4733f2465bc172f1d_icgraph.dot:1: error: Problems running dot: exit code=-1, command='dot.exe', arguments='"C:/Users/au223892/DocumentationRepos/ALMaSS_Osmia_model_documentations/doxygen_output/html/classOsmia__Female_afb7cb396b33201c4733f2465bc172f1d_icgraph.dot" -Tpng -o "C:/Users/au223892/DocumentationRepos/ALMaSS_Osmia_model_documentations/doxygen_output/html/classOsmia__Female_afb7cb396b33201c4733f2465bc172f1d_icgraph.png" -Tcmapx -o "C:/Users/au223892/DocumentationRepos/ALMaSS_Osmia_model_documentations/doxygen_output/html/classOsmia__Female_afb7cb396b33201c4733f2465bc172f1d_icgraph.map"'
C:/Users/au223892/DocumentationRepos/ALMaSS_Osmia_model_documentations/doxygen_output/html/classOsmia__InCocoon__inherit__graph.dot:1: error: Problems running dot: exit code=-1, command='dot.exe', arguments='"C:/Users/au223892/DocumentationRepos/ALMaSS_Osmia_model_documentations/doxygen_output/html/classOsmia__InCocoon__inherit__graph.dot" -Tpng -o "C:/Users/au223892/DocumentationRepos/ALMaSS_Osmia_model_documentations/doxygen_output/html/classOsmia__InCocoon__inherit__graph.png" -Tcmapx -o "C:/Users/au223892/DocumentationRepos/ALMaSS_Osmia_model_documentations/doxygen_output/html/classOsmia__InCocoon__inherit__graph.map"'
C:/Users/au223892/DocumentationRepos/ALMaSS_Osmia_model_documentations/doxygen_output/html/classOsmia__InCocoon_a5940e757c9a3d409637e6c7aef3f8d61_cgraph.dot:1: error: Problems running dot: exit code=-1, command='dot.exe', arguments='"C:/Users/au223892/DocumentationRepos/ALMaSS_Osmia_model_documentations/doxygen_output/html/classOsmia__InCocoon_a5940e757c9a3d409637e6c7aef3f8d61_cgraph.dot" -Tpng -o "C:/Users/au223892/DocumentationRepos/ALMaSS_Osmia_model_documentations/doxygen_output/html/classOsmia__InCocoon_a5940e757c9a3d409637e6c7aef3f8d61_cgraph.png" -Tcmapx -o "C:/Users/au223892/DocumentationRepos/ALMaSS_Osmia_model_documentations/doxygen_output/html/classOsmia__InCocoon_a5940e757c9a3d409637e6c7aef3f8d61_cgraph.map"'
C:/Users/au223892/DocumentationRepos/ALMaSS_Osmia_model_documentations/doxygen_output/html/classOsmia__InCocoon_a5940e757c9a3d409637e6c7aef3f8d61_icgraph.dot:1: error: Problems running dot: exit code=-1, command='dot.exe', arguments='"C:/Users/au223892/DocumentationRepos/ALMaSS_Osmia_model_documentations/doxygen_output/html/classOsmia__InCocoon_a5940e757c9a3d409637e6c7aef3f8d61_icgraph.dot" -Tpng -o "C:/Users/au223892/DocumentationRepos/ALMaSS_Osmia_model_documentations/doxygen_output/html/classOsmia__InCocoon_a5940e757c9a3d409637e6c7aef3f8d61_icgraph.png" -Tcmapx -o "C:/Users/au223892/DocumentationRepos/ALMaSS_Osmia_model_documentations/doxygen_output/html/classOsmia__InCocoon_a5940e757c9a3d409637e6c7aef3f8d61_icgraph.map"'
C:/Users/au223892/DocumentationRepos/ALMaSS_Osmia_model_documentations/doxygen_output/html/classOsmia__InCocoon_a9fd4b3160a7990bf348c3c83c30bf000_icgraph.dot:1: error: Problems running dot: exit code=-1, command='dot.exe', arguments='"C:/Users/au223892/DocumentationRepos/ALMaSS_Osmia_model_documentations/doxygen_output/html/classOsmia__InCocoon_a9fd4b3160a7990bf348c3c83c30bf000_icgraph.dot" -Tpng -o "C:/Users/au223892/DocumentationRepos/ALMaSS_Osmia_model_documentations/doxygen_output/html/classOsmia__InCocoon_a9fd4b3160a7990bf348c3c83c30bf000_icgraph.png" -Tcmapx -o "C:/Users/au223892/DocumentationRepos/ALMaSS_Osmia_model_documentations/doxygen_output/html/classOsmia__InCocoon_a9fd4b3160a7990bf348c3c83c30bf000_icgraph.map"'
C:/Users/au223892/DocumentationRepos/ALMaSS_Osmia_model_documentations/doxygen_output/html/classOsmia__InCocoon_aba61dd7b9da3b7ab6059a44ef9586e5b_icgraph.dot:1: error: Problems running dot: exit code=-1, command='dot.exe', arguments='"C:/Users/au223892/DocumentationRepos/ALMaSS_Osmia_model_documentations/doxygen_output/html/classOsmia__InCocoon_aba61dd7b9da3b7ab6059a44ef9586e5b_icgraph.dot" -Tpng -o "C:/Users/au223892/DocumentationRepos/ALMaSS_Osmia_model_documentations/doxygen_output/html/classOsmia__InCocoon_aba61dd7b9da3b7ab6059a44ef9586e5b_icgraph.png" -Tcmapx -o "C:/Users/au223892/DocumentationRepos/ALMaSS_Osmia_model_documentations/doxygen_output/html/classOsmia__InCocoon_aba61dd7b9da3b7ab6059a44ef9586e5b_icgraph.map"'
C:/Users/au223892/DocumentationRepos/ALMaSS_Osmia_model_documentations/doxygen_output/html/classOsmia__InCocoon_adfcfa1f4f00c912840b61570a8aa3812_cgraph.dot:1: error: Problems running dot: exit code=-1, command='dot.exe', arguments='"C:/Users/au223892/DocumentationRepos/ALMaSS_Osmia_model_documentations/doxygen_output/html/classOsmia__InCocoon_adfcfa1f4f00c912840b61570a8aa3812_cgraph.dot" -Tpng -o "C:/Users/au223892/DocumentationRepos/ALMaSS_Osmia_model_documentations/doxygen_output/html/classOsmia__InCocoon_adfcfa1f4f00c912840b61570a8aa3812_cgraph.png" -Tcmapx -o "C:/Users/au223892/DocumentationRepos/ALMaSS_Osmia_model_documentations/doxygen_output/html/classOsmia__InCocoon_adfcfa1f4f00c912840b61570a8aa3812_cgraph.map"'
C:/Users/au223892/DocumentationRepos/ALMaSS_Osmia_model_documentations/doxygen_output/html/classOsmia__InCocoon_afaa0ccfae14a1bd54ef384dfea6d8558_cgraph.dot:1: error: Problems running dot: exit code=-1, command='dot.exe', arguments='"C:/Users/au223892/DocumentationRepos/ALMaSS_Osmia_model_documentations/doxygen_output/html/classOsmia__InCocoon_afaa0ccfae14a1bd54ef384dfea6d8558_cgraph.dot" -Tpng -o "C:/Users/au223892/DocumentationRepos/ALMaSS_Osmia_model_documentations/doxygen_output/html/classOsmia__InCocoon_afaa0ccfae14a1bd54ef384dfea6d8558_cgraph.png" -Tcmapx -o "C:/Users/au223892/DocumentationRepos/ALMaSS_Osmia_model_documentations/doxygen_output/html/classOsmia__InCocoon_afaa0ccfae14a1bd54ef384dfea6d8558_cgraph.map"'
C:/Users/au223892/DocumentationRepos/ALMaSS_Osmia_model_documentations/doxygen_output/html/classOsmia__InCocoon_affe3ed7a1b2bb44323d325353350bd42_icgraph.dot:1: error: Problems running dot: exit code=-1, command='dot.exe', arguments='"C:/Users/au223892/DocumentationRepos/ALMaSS_Osmia_model_documentations/doxygen_output/html/classOsmia__InCocoon_affe3ed7a1b2bb44323d325353350bd42_icgraph.dot" -Tpng -o "C:/Users/au223892/DocumentationRepos/ALMaSS_Osmia_model_documentations/doxygen_output/html/classOsmia__InCocoon_affe3ed7a1b2bb44323d325353350bd42_icgraph.png" -Tcmapx -o "C:/Users/au223892/DocumentationRepos/ALMaSS_Osmia_model_documentations/doxygen_output/html/classOsmia__InCocoon_affe3ed7a1b2bb44323d325353350bd42_icgraph.map"'
C:/Users/au223892/DocumentationRepos/ALMaSS_Osmia_model_documentations/doxygen_output/html/classOsmia__Population__Manager__coll__graph.dot:1: error: Problems running dot: exit code=-1, command='dot.exe', arguments='"C:/Users/au223892/DocumentationRepos/ALMaSS_Osmia_model_documentations/doxygen_output/html/classOsmia__Population__Manager__coll__graph.dot" -Tpng -o "C:/Users/au223892/DocumentationRepos/ALMaSS_Osmia_model_documentations/doxygen_output/html/classOsmia__Population__Manager__coll__graph.png" -Tcmapx -o "C:/Users/au223892/DocumentationRepos/ALMaSS_Osmia_model_documentations/doxygen_output/html/classOsmia__Population__Manager__coll__graph.map"'
C:/Users/au223892/DocumentationRepos/ALMaSS_Osmia_model_documentations/doxygen_output/html/classOsmia__Population__Manager__inherit__graph.dot:1: error: Problems running dot: exit code=-1, command='dot.exe', arguments='"C:/Users/au223892/DocumentationRepos/ALMaSS_Osmia_model_documentations/doxygen_output/html/classOsmia__Population__Manager__inherit__graph.dot" -Tpng -o "C:/Users/au223892/DocumentationRepos/ALMaSS_Osmia_model_documentations/doxygen_output/html/classOsmia__Population__Manager__inherit__graph.png" -Tcmapx -o "C:/Users/au223892/DocumentationRepos/ALMaSS_Osmia_model_documentations/doxygen_output/html/classOsmia__Population__Manager__inherit__graph.map"'
C:/Users/au223892/DocumentationRepos/ALMaSS_Osmia_model_documentations/doxygen_output/html/classOsmia__Population__Manager_a047e019acba763f6ddf700c778d74b26_cgraph.dot:1: error: Problems running dot: exit code=-1, command='dot.exe', arguments='"C:/Users/au223892/DocumentationRepos/ALMaSS_Osmia_model_documentations/doxygen_output/html/classOsmia__Population__Manager_a047e019acba763f6ddf700c778d74b26_cgraph.dot" -Tpng -o "C:/Users/au223892/DocumentationRepos/ALMaSS_Osmia_model_documentations/doxygen_output/html/classOsmia__Population__Manager_a047e019acba763f6ddf700c778d74b26_cgraph.png" -Tcmapx -o "C:/Users/au223892/DocumentationRepos/ALMaSS_Osmia_model_documentations/doxygen_output/html/classOsmia__Population__Manager_a047e019acba763f6ddf700c778d74b26_cgraph.map"'
C:/Users/au223892/DocumentationRepos/ALMaSS_Osmia_model_documentations/doxygen_output/html/classOsmia__Population__Manager_a64e4f851baf4664844d2410f54481db3_icgraph.dot:1: error: Problems running dot: exit code=-1, command='dot.exe', arguments='"C:/Users/au223892/DocumentationRepos/ALMaSS_Osmia_model_documentations/doxygen_output/html/classOsmia__Population__Manager_a64e4f851baf4664844d2410f54481db3_icgraph.dot" -Tpng -o "C:/Users/au223892/DocumentationRepos/ALMaSS_Osmia_model_documentations/doxygen_output/html/classOsmia__Population__Manager_a64e4f851baf4664844d2410f54481db3_icgraph.png" -Tcmapx -o "C:/Users/au223892/DocumentationRepos/ALMaSS_Osmia_model_documentations/doxygen_output/html/classOsmia__Population__Manager_a64e4f851baf4664844d2410f54481db3_icgraph.map"'
C:/Users/au223892/DocumentationRepos/ALMaSS_Osmia_model_documentations/doxygen_output/html/classOsmia__Population__Manager_add181bfe760f2450d8834b8fcaf96d3a_icgraph.dot:1: error: Problems running dot: exit code=-1, command='dot.exe', arguments='"C:/Users/au223892/DocumentationRepos/ALMaSS_Osmia_model_documentations/doxygen_output/html/classOsmia__Population__Manager_add181bfe760f2450d8834b8fcaf96d3a_icgraph.dot" -Tpng -o "C:/Users/au223892/DocumentationRepos/ALMaSS_Osmia_model_documentations/doxygen_output/html/classOsmia__Population__Manager_add181bfe760f2450d8834b8fcaf96d3a_icgraph.png" -Tcmapx -o "C:/Users/au223892/DocumentationRepos/ALMaSS_Osmia_model_documentations/doxygen_output/html/classOsmia__Population__Manager_add181bfe760f2450d8834b8fcaf96d3a_icgraph.map"'
C:/Users/au223892/DocumentationRepos/ALMaSS_Osmia_model_documentations/doxygen_output/html/classstruct__Osmia__coll__graph.dot:1: error: Problems running dot: exit code=-1, command='dot.exe', arguments='"C:/Users/au223892/DocumentationRepos/ALMaSS_Osmia_model_documentations/doxygen_output/html/classstruct__Osmia__coll__graph.dot" -Tpng -o "C:/Users/au223892/DocumentationRepos/ALMaSS_Osmia_model_documentations/doxygen_output/html/classstruct__Osmia__coll__graph.png" -Tcmapx -o "C:/Users/au223892/DocumentationRepos/ALMaSS_Osmia_model_documentations/doxygen_output/html/classstruct__Osmia__coll__graph.map"'
C:/Users/au223892/DocumentationRepos/ALMaSS_Osmia_model_documentations/doxygen_output/html/graph_legend.dot:1: error: Problems running dot: exit code=-1, command='dot.exe', arguments='"C:/Users/au223892/DocumentationRepos/ALMaSS_Osmia_model_documentations/doxygen_output/html/graph_legend.dot" -Tpng -o "C:/Users/au223892/DocumentationRepos/ALMaSS_Osmia_model_documentations/doxygen_output/html/graph_legend.png"'
C:/Users/au223892/DocumentationRepos/ALMaSS_Osmia_model_documentations/doxygen_output/html/inherit_graph_0.dot:1: error: Problems running dot: exit code=-1, command='dot.exe', arguments='"C:/Users/au223892/DocumentationRepos/ALMaSS_Osmia_model_documentations/doxygen_output/html/inherit_graph_0.dot" -Tpng -o "C:/Users/au223892/DocumentationRepos/ALMaSS_Osmia_model_documentations/doxygen_output/html/inherit_graph_0.png" -Tcmapx -o "C:/Users/au223892/DocumentationRepos/ALMaSS_Osmia_model_documentations/doxygen_output/html/inherit_graph_0.map"'
C:/Users/au223892/DocumentationRepos/ALMaSS_Osmia_model_documentations/doxygen_output/html/inherit_graph_1.dot:1: error: Problems running dot: exit code=-1, command='dot.exe', arguments='"C:/Users/au223892/DocumentationRepos/ALMaSS_Osmia_model_documentations/doxygen_output/html/inherit_graph_1.dot" -Tpng -o "C:/Users/au223892/DocumentationRepos/ALMaSS_Osmia_model_documentations/doxygen_output/html/inherit_graph_1.png" -Tcmapx -o "C:/Users/au223892/DocumentationRepos/ALMaSS_Osmia_model_documentations/doxygen_output/html/inherit_graph_1.map"'
C:/Users/au223892/DocumentationRepos/ALMaSS_Osmia_model_documentations/doxygen_output/html/inherit_graph_2.dot:1: error: Problems running dot: exit code=-1, command='dot.exe', arguments='"C:/Users/au223892/DocumentationRepos/ALMaSS_Osmia_model_documentations/doxygen_output/html/inherit_graph_2.dot" -Tpng -o "C:/Users/au223892/DocumentationRepos/ALMaSS_Osmia_model_documentations/doxygen_output/html/inherit_graph_2.png" -Tcmapx -o "C:/Users/au223892/DocumentationRepos/ALMaSS_Osmia_model_documentations/doxygen_output/html/inherit_graph_2.map"'
C:/Users/au223892/DocumentationRepos/ALMaSS_Osmia_model_documentations/doxygen_output/html/inherit_graph_3.dot:1: error: Problems running dot: exit code=-1, command='dot.exe', arguments='"C:/Users/au223892/DocumentationRepos/ALMaSS_Osmia_model_documentations/doxygen_output/html/inherit_graph_3.dot" -Tpng -o "C:/Users/au223892/DocumentationRepos/ALMaSS_Osmia_model_documentations/doxygen_output/html/inherit_graph_3.png" -Tcmapx -o "C:/Users/au223892/DocumentationRepos/ALMaSS_Osmia_model_documentations/doxygen_output/html/inherit_graph_3.map"'
C:/Users/au223892/DocumentationRepos/ALMaSS_Osmia_model_documentations/doxygen_output/html/inherit_graph_4.dot:1: error: Problems running dot: exit code=-1, command='dot.exe', arguments='"C:/Users/au223892/DocumentationRepos/ALMaSS_Osmia_model_documentations/doxygen_output/html/inherit_graph_4.dot" -Tpng -o "C:/Users/au223892/DocumentationRepos/ALMaSS_Osmia_model_documentations/doxygen_output/html/inherit_graph_4.png" -Tcmapx -o "C:/Users/au223892/DocumentationRepos/ALMaSS_Osmia_model_documentations/doxygen_output/html/inherit_graph_4.map"'
C:/Users/au223892/DocumentationRepos/ALMaSS_Osmia_model_documentations/doxygen_output/html/inherit_graph_5.dot:1: error: Problems running dot: exit code=-1, command='dot.exe', arguments='"C:/Users/au223892/DocumentationRepos/ALMaSS_Osmia_model_documentations/doxygen_output/html/inherit_graph_5.dot" -Tpng -o "C:/Users/au223892/DocumentationRepos/ALMaSS_Osmia_model_documentations/doxygen_output/html/inherit_graph_5.png" -Tcmapx -o "C:/Users/au223892/DocumentationRepos/ALMaSS_Osmia_model_documentations/doxygen_output/html/inherit_graph_5.map"'
error: problems opening map file C:/Users/au223892/DocumentationRepos/ALMaSS_Osmia_model_documentations/doxygen_output/html/Osmia__Population__Manager__dox_8cpp__incl.map for inclusion in the docs!
If you installed Graphviz/dot after a previous failing run, 
try deleting the output directory and rerun doxygen.
error: problems opening map file C:/Users/au223892/DocumentationRepos/ALMaSS_Osmia_model_documentations/doxygen_output/html/Osmia__Population__Manager__dox_8cpp_a23f7c59b353b1b840451e8f267b18ef8_icgraph.map for inclusion in the docs!
If you installed Graphviz/dot after a previous failing run, 
try deleting the output directory and rerun doxygen.
error: problems opening map file C:/Users/au223892/DocumentationRepos/ALMaSS_Osmia_model_documentations/doxygen_output/html/Osmia__Population__Manager__dox_8cpp_a5a914edec9a4029ee668603263ac69f4_icgraph.map for inclusion in the docs!
If you installed Graphviz/dot after a previous failing run, 
try deleting the output directory and rerun doxygen.
error: problems opening map file C:/Users/au223892/DocumentationRepos/ALMaSS_Osmia_model_documentations/doxygen_output/html/Osmia__Population__Manager__dox_8cpp_a18c10d18f0bdc45ef48454da194aa6eb_icgraph.map for inclusion in the docs!
If you installed Graphviz/dot after a previous failing run, 
try deleting the output directory and rerun doxygen.
error: problems opening map file C:/Users/au223892/DocumentationRepos/ALMaSS_Osmia_model_documentations/doxygen_output/html/Osmia__Population__Manager__dox_8cpp_a95e8b7c7685b979f86398d45583dd003_icgraph.map for inclusion in the docs!
If you installed Graphviz/dot after a previous failing run, 
try deleting the output directory and rerun doxygen.
error: problems opening map file C:/Users/au223892/DocumentationRepos/ALMaSS_Osmia_model_documentations/doxygen_output/html/Osmia__Population__Manager__dox_8h__incl.map for inclusion in the docs!
If you installed Graphviz/dot after a previous failing run, 
try deleting the output directory and rerun doxygen.
error: problems opening map file C:/Users/au223892/DocumentationRepos/ALMaSS_Osmia_model_documentations/doxygen_output/html/Osmia__dox_8cpp__incl.map for inclusion in the docs!
If you installed Graphviz/dot after a previous failing run, 
try deleting the output directory and rerun doxygen.
error: problems opening map file C:/Users/au223892/DocumentationRepos/ALMaSS_Osmia_model_documentations/doxygen_output/html/Osmia__dox_8cpp_afffcb04d3f0dece33fab984be5e8b206_icgraph.map for inclusion in the docs!
If you installed Graphviz/dot after a previous failing run, 
try deleting the output directory and rerun doxygen.
error: problems opening map file C:/Users/au223892/DocumentationRepos/ALMaSS_Osmia_model_documentations/doxygen_output/html/Osmia__dox_8cpp_a239d8a4d73fe245cf1ac61d967f9c7a8_icgraph.map for inclusion in the docs!
If you installed Graphviz/dot after a previous failing run, 
try deleting the output directory and rerun doxygen.
error: problems opening map file C:/Users/au223892/DocumentationRepos/ALMaSS_Osmia_model_documentations/doxygen_output/html/Osmia__dox_8cpp_a12cad1501d3d579b7720f2dd6fb19f29_icgraph.map for inclusion in the docs!
If you installed Graphviz/dot after a previous failing run, 
try deleting the output directory and rerun doxygen.
error: problems opening map file C:/Users/au223892/DocumentationRepos/ALMaSS_Osmia_model_documentations/doxygen_output/html/Osmia__dox_8cpp_a9c37f7366ee112061f7a9d4ce6d9a0fc_icgraph.map for inclusion in the docs!
If you installed Graphviz/dot after a previous failing run, 
try deleting the output directory and rerun doxygen.
error: problems opening map file C:/Users/au223892/DocumentationRepos/ALMaSS_Osmia_model_documentations/doxygen_output/html/Osmia__dox_8cpp_afcd1f210b125c394f4605acaf1e05456_icgraph.map for inclusion in the docs!
If you installed Graphviz/dot after a previous failing run, 
try deleting the output directory and rerun doxygen.
error: problems opening map file C:/Users/au223892/DocumentationRepos/ALMaSS_Osmia_model_documentations/doxygen_output/html/Osmia__dox_8cpp_aa56f462a0c295a34de7ee55db5a66bb0_icgraph.map for inclusion in the docs!
If you installed Graphviz/dot after a previous failing run, 
try deleting the output directory and rerun doxygen.
error: problems opening map file C:/Users/au223892/DocumentationRepos/ALMaSS_Osmia_model_documentations/doxygen_output/html/Osmia__dox_8cpp_a56f782e90532ef80126511439413e9e0_icgraph.map for inclusion in the docs!
If you installed Graphviz/dot after a previous failing run, 
try deleting the output directory and rerun doxygen.
error: problems opening map file C:/Users/au223892/DocumentationRepos/ALMaSS_Osmia_model_documentations/doxygen_output/html/Osmia__dox_8cpp_aec7f01b23b6f6b87b7d185ef46426de1_icgraph.map for inclusion in the docs!
If you installed Graphviz/dot after a previous failing run, 
try deleting the output directory and rerun doxygen.
error: problems opening map file C:/Users/au223892/DocumentationRepos/ALMaSS_Osmia_model_documentations/doxygen_output/html/Osmia__dox_8cpp_a53193f5d8cedb347457d7991eda1b251_cgraph.map for inclusion in the docs!
If you installed Graphviz/dot after a previous failing run, 
try deleting the output directory and rerun doxygen.
error: problems opening map file C:/Users/au223892/DocumentationRepos/ALMaSS_Osmia_model_documentations/doxygen_output/html/classOsmiaParasitoidSubPopulation__coll__graph.map for inclusion in the docs!
If you installed Graphviz/dot after a previous failing run, 
try deleting the output directory and rerun doxygen.
error: problems opening map file C:/Users/au223892/DocumentationRepos/ALMaSS_Osmia_model_documentations/doxygen_output/html/classOsmiaParasitoidSubPopulation_af0927d6e6446ca74d9aa09ae28939516_icgraph.map for inclusion in the docs!
If you installed Graphviz/dot after a previous failing run, 
try deleting the output directory and rerun doxygen.
error: problems opening map file C:/Users/au223892/DocumentationRepos/ALMaSS_Osmia_model_documentations/doxygen_output/html/classOsmiaParasitoidSubPopulation_a037bc346862c179f7b7caedb91385c37_icgraph.map for inclusion in the docs!
If you installed Graphviz/dot after a previous failing run, 
try deleting the output directory and rerun doxygen.
error: problems opening map file C:/Users/au223892/DocumentationRepos/ALMaSS_Osmia_model_documentations/doxygen_output/html/classOsmiaParasitoidSubPopulation_a19100d6ee3eb33fb200319a3355cc99e_cgraph.map for inclusion in the docs!
If you installed Graphviz/dot after a previous failing run, 
try deleting the output directory and rerun doxygen.
error: problems opening map file C:/Users/au223892/DocumentationRepos/ALMaSS_Osmia_model_documentations/doxygen_output/html/classOsmiaParasitoidSubPopulation_a8a299a8a5375a502f48597489e6aa88f_icgraph.map for inclusion in the docs!
If you installed Graphviz/dot after a previous failing run, 
try deleting the output directory and rerun doxygen.
error: problems opening map file C:/Users/au223892/DocumentationRepos/ALMaSS_Osmia_model_documentations/doxygen_output/html/classOsmiaParasitoid__Population__Manager__inherit__graph.map for inclusion in the docs!
If you installed Graphviz/dot after a previous failing run, 
try deleting the output directory and rerun doxygen.
error: problems opening map file C:/Users/au223892/DocumentationRepos/ALMaSS_Osmia_model_documentations/doxygen_output/html/classOsmiaParasitoid__Population__Manager__coll__graph.map for inclusion in the docs!
If you installed Graphviz/dot after a previous failing run, 
try deleting the output directory and rerun doxygen.
error: problems opening map file C:/Users/au223892/DocumentationRepos/ALMaSS_Osmia_model_documentations/doxygen_output/html/classOsmiaPolygonEntry__coll__graph.map for inclusion in the docs!
If you installed Graphviz/dot after a previous failing run, 
try deleting the output directory and rerun doxygen.
error: problems opening map file C:/Users/au223892/DocumentationRepos/ALMaSS_Osmia_model_documentations/doxygen_output/html/classOsmia__Female__inherit__graph.map for inclusion in the docs!
If you installed Graphviz/dot after a previous failing run, 
try deleting the output directory and rerun doxygen.
error: problems opening map file C:/Users/au223892/DocumentationRepos/ALMaSS_Osmia_model_documentations/doxygen_output/html/classOsmia__Female__coll__graph.map for inclusion in the docs!
If you installed Graphviz/dot after a previous failing run, 
try deleting the output directory and rerun doxygen.
error: problems opening map file C:/Users/au223892/DocumentationRepos/ALMaSS_Osmia_model_documentations/doxygen_output/html/classOsmia__Female_a57d49547e2a2fd54ae90caacad2df17a_cgraph.map for inclusion in the docs!
If you installed Graphviz/dot after a previous failing run, 
try deleting the output directory and rerun doxygen.
error: problems opening map file C:/Users/au223892/DocumentationRepos/ALMaSS_Osmia_model_documentations/doxygen_output/html/classOsmia__Female_afb7cb396b33201c4733f2465bc172f1d_icgraph.map for inclusion in the docs!
If you installed Graphviz/dot after a previous failing run, 
try deleting the output directory and rerun doxygen.
error: problems opening map file C:/Users/au223892/DocumentationRepos/ALMaSS_Osmia_model_documentations/doxygen_output/html/classOsmia__InCocoon__inherit__graph.map for inclusion in the docs!
If you installed Graphviz/dot after a previous failing run, 
try deleting the output directory and rerun doxygen.
error: problems opening map file C:/Users/au223892/DocumentationRepos/ALMaSS_Osmia_model_documentations/doxygen_output/html/classOsmia__InCocoon__coll__graph.map for inclusion in the docs!
If you installed Graphviz/dot after a previous failing run, 
try deleting the output directory and rerun doxygen.
error: problems opening map file C:/Users/au223892/DocumentationRepos/ALMaSS_Osmia_model_documentations/doxygen_output/html/classOsmia__InCocoon_adfcfa1f4f00c912840b61570a8aa3812_cgraph.map for inclusion in the docs!
If you installed Graphviz/dot after a previous failing run, 
try deleting the output directory and rerun doxygen.
error: problems opening map file C:/Users/au223892/DocumentationRepos/ALMaSS_Osmia_model_documentations/doxygen_output/html/classOsmia__InCocoon_affe3ed7a1b2bb44323d325353350bd42_icgraph.map for inclusion in the docs!
If you installed Graphviz/dot after a previous failing run, 
try deleting the output directory and rerun doxygen.
error: problems opening map file C:/Users/au223892/DocumentationRepos/ALMaSS_Osmia_model_documentations/doxygen_output/html/classOsmia__InCocoon_a5940e757c9a3d409637e6c7aef3f8d61_cgraph.map for inclusion in the docs!
If you installed Graphviz/dot after a previous failing run, 
try deleting the output directory and rerun doxygen.
error: problems opening map file C:/Users/au223892/DocumentationRepos/ALMaSS_Osmia_model_documentations/doxygen_output/html/classOsmia__InCocoon_a5940e757c9a3d409637e6c7aef3f8d61_icgraph.map for inclusion in the docs!
If you installed Graphviz/dot after a previous failing run, 
try deleting the output directory and rerun doxygen.
error: problems opening map file C:/Users/au223892/DocumentationRepos/ALMaSS_Osmia_model_documentations/doxygen_output/html/classOsmia__InCocoon_a9fd4b3160a7990bf348c3c83c30bf000_icgraph.map for inclusion in the docs!
If you installed Graphviz/dot after a previous failing run, 
try deleting the output directory and rerun doxygen.
error: problems opening map file C:/Users/au223892/DocumentationRepos/ALMaSS_Osmia_model_documentations/doxygen_output/html/classOsmia__InCocoon_afaa0ccfae14a1bd54ef384dfea6d8558_cgraph.map for inclusion in the docs!
If you installed Graphviz/dot after a previous failing run, 
try deleting the output directory and rerun doxygen.
error: problems opening map file C:/Users/au223892/DocumentationRepos/ALMaSS_Osmia_model_documentations/doxygen_output/html/classOsmia__InCocoon_aba61dd7b9da3b7ab6059a44ef9586e5b_icgraph.map for inclusion in the docs!
If you installed Graphviz/dot after a previous failing run, 
try deleting the output directory and rerun doxygen.
error: problems opening map file C:/Users/au223892/DocumentationRepos/ALMaSS_Osmia_model_documentations/doxygen_output/html/classOsmia__Population__Manager__inherit__graph.map for inclusion in the docs!
If you installed Graphviz/dot after a previous failing run, 
try deleting the output directory and rerun doxygen.
error: problems opening map file C:/Users/au223892/DocumentationRepos/ALMaSS_Osmia_model_documentations/doxygen_output/html/classOsmia__Population__Manager__coll__graph.map for inclusion in the docs!
If you installed Graphviz/dot after a previous failing run, 
try deleting the output directory and rerun doxygen.
error: problems opening map file C:/Users/au223892/DocumentationRepos/ALMaSS_Osmia_model_documentations/doxygen_output/html/classOsmia__Population__Manager_a047e019acba763f6ddf700c778d74b26_cgraph.map for inclusion in the docs!
If you installed Graphviz/dot after a previous failing run, 
try deleting the output directory and rerun doxygen.
error: problems opening map file C:/Users/au223892/DocumentationRepos/ALMaSS_Osmia_model_documentations/doxygen_output/html/classOsmia__Population__Manager_add181bfe760f2450d8834b8fcaf96d3a_icgraph.map for inclusion in the docs!
If you installed Graphviz/dot after a previous failing run, 
try deleting the output directory and rerun doxygen.
error: problems opening map file C:/Users/au223892/DocumentationRepos/ALMaSS_Osmia_model_documentations/doxygen_output/html/classOsmia__Population__Manager_a64e4f851baf4664844d2410f54481db3_icgraph.map for inclusion in the docs!
If you installed Graphviz/dot after a previous failing run, 
try deleting the output directory and rerun doxygen.
error: problems opening map file C:/Users/au223892/DocumentationRepos/ALMaSS_Osmia_model_documentations/doxygen_output/html/classstruct__Osmia__coll__graph.map for inclusion in the docs!
If you installed Graphviz/dot after a previous failing run, 
try deleting the output directory and rerun doxygen.
error: problems opening map file C:/Users/au223892/DocumentationRepos/ALMaSS_Osmia_model_documentations/doxygen_output/html/inherit_graph_0.map for inclusion in the docs!
If you installed Graphviz/dot after a previous failing run, 
try deleting the output directory and rerun doxygen.
error: problems opening map file C:/Users/au223892/DocumentationRepos/ALMaSS_Osmia_model_documentations/doxygen_output/html/inherit_graph_1.map for inclusion in the docs!
If you installed Graphviz/dot after a previous failing run, 
try deleting the output directory and rerun doxygen.
error: problems opening map file C:/Users/au223892/DocumentationRepos/ALMaSS_Osmia_model_documentations/doxygen_output/html/inherit_graph_2.map for inclusion in the docs!
If you installed Graphviz/dot after a previous failing run, 
try deleting the output directory and rerun doxygen.
error: problems opening map file C:/Users/au223892/DocumentationRepos/ALMaSS_Osmia_model_documentations/doxygen_output/html/inherit_graph_3.map for inclusion in the docs!
If you installed Graphviz/dot after a previous failing run, 
try deleting the output directory and rerun doxygen.
error: problems opening map file C:/Users/au223892/DocumentationRepos/ALMaSS_Osmia_model_documentations/doxygen_output/html/inherit_graph_4.map for inclusion in the docs!
If you installed Graphviz/dot after a previous failing run, 
try deleting the output directory and rerun doxygen.
error: problems opening map file C:/Users/au223892/DocumentationRepos/ALMaSS_Osmia_model_documentations/doxygen_output/html/inherit_graph_5.map for inclusion in the docs!
If you installed Graphviz/dot after a previous failing run, 
try deleting the output directory and rerun doxygen.
